{"/run/media/sudeep/f7df5fe2-a328-406c-ba16-fef3087b266d/srs/dev/work/Eshop-tutorial/frontend/src/ShopRoutes.js": {"path":"/run/media/sudeep/f7df5fe2-a328-406c-ba16-fef3087b266d/srs/dev/work/Eshop-tutorial/frontend/src/ShopRoutes.js","statementMap":{},"fnMap":{},"branchMap":{},"s":{},"f":{},"b":{}}
,"/run/media/sudeep/f7df5fe2-a328-406c-ba16-fef3087b266d/srs/dev/work/Eshop-tutorial/frontend/src/reportWebVitals.js": {"path":"/run/media/sudeep/f7df5fe2-a328-406c-ba16-fef3087b266d/srs/dev/work/Eshop-tutorial/frontend/src/reportWebVitals.js","statementMap":{"0":{"start":{"line":1,"column":24},"end":{"line":11,"column":1}},"1":{"start":{"line":2,"column":2},"end":{"line":10,"column":3}},"2":{"start":{"line":3,"column":4},"end":{"line":9,"column":7}},"3":{"start":{"line":4,"column":6},"end":{"line":4,"column":26}},"4":{"start":{"line":5,"column":6},"end":{"line":5,"column":26}},"5":{"start":{"line":6,"column":6},"end":{"line":6,"column":26}},"6":{"start":{"line":7,"column":6},"end":{"line":7,"column":26}},"7":{"start":{"line":8,"column":6},"end":{"line":8,"column":27}}},"fnMap":{"0":{"name":"(anonymous_0)","decl":{"start":{"line":1,"column":24},"end":{"line":1,"column":25}},"loc":{"start":{"line":1,"column":39},"end":{"line":11,"column":1}},"line":1},"1":{"name":"(anonymous_1)","decl":{"start":{"line":3,"column":30},"end":{"line":3,"column":31}},"loc":{"start":{"line":3,"column":79},"end":{"line":9,"column":5}},"line":3}},"branchMap":{"0":{"loc":{"start":{"line":2,"column":2},"end":{"line":10,"column":3}},"type":"if","locations":[{"start":{"line":2,"column":2},"end":{"line":10,"column":3}},{"start":{},"end":{}}],"line":2},"1":{"loc":{"start":{"line":2,"column":6},"end":{"line":2,"column":52}},"type":"binary-expr","locations":[{"start":{"line":2,"column":6},"end":{"line":2,"column":17}},{"start":{"line":2,"column":21},"end":{"line":2,"column":52}}],"line":2}},"s":{"0":0,"1":0,"2":0,"3":0,"4":0,"5":0,"6":0,"7":0},"f":{"0":0,"1":0},"b":{"0":[0,0],"1":[0,0]}}
,"/run/media/sudeep/f7df5fe2-a328-406c-ba16-fef3087b266d/srs/dev/work/Eshop-tutorial/frontend/src/server.js": {"path":"/run/media/sudeep/f7df5fe2-a328-406c-ba16-fef3087b266d/srs/dev/work/Eshop-tutorial/frontend/src/server.js","statementMap":{"0":{"start":{"line":1,"column":22},"end":{"line":1,"column":63}},"1":{"start":{"line":2,"column":23},"end":{"line":2,"column":57}}},"fnMap":{},"branchMap":{},"s":{"0":0,"1":0},"f":{},"b":{}}
,"/run/media/sudeep/f7df5fe2-a328-406c-ba16-fef3087b266d/srs/dev/work/Eshop-tutorial/frontend/src/setupTests.js": {"path":"/run/media/sudeep/f7df5fe2-a328-406c-ba16-fef3087b266d/srs/dev/work/Eshop-tutorial/frontend/src/setupTests.js","statementMap":{},"fnMap":{},"branchMap":{},"s":{},"f":{},"b":{}}
,"/run/media/sudeep/f7df5fe2-a328-406c-ba16-fef3087b266d/srs/dev/work/Eshop-tutorial/frontend/src/Assests/index.js": {"path":"/run/media/sudeep/f7df5fe2-a328-406c-ba16-fef3087b266d/srs/dev/work/Eshop-tutorial/frontend/src/Assests/index.js","statementMap":{},"fnMap":{},"branchMap":{},"s":{},"f":{},"b":{}}
,"/run/media/sudeep/f7df5fe2-a328-406c-ba16-fef3087b266d/srs/dev/work/Eshop-tutorial/frontend/src/redux/store.js": {"path":"/run/media/sudeep/f7df5fe2-a328-406c-ba16-fef3087b266d/srs/dev/work/Eshop-tutorial/frontend/src/redux/store.js","statementMap":{"0":{"start":{"line":11,"column":14},"end":{"line":21,"column":2}}},"fnMap":{},"branchMap":{},"s":{"0":0},"f":{},"b":{}}
,"/run/media/sudeep/f7df5fe2-a328-406c-ba16-fef3087b266d/srs/dev/work/Eshop-tutorial/frontend/src/redux/actions/cart.js": {"path":"/run/media/sudeep/f7df5fe2-a328-406c-ba16-fef3087b266d/srs/dev/work/Eshop-tutorial/frontend/src/redux/actions/cart.js","statementMap":{"0":{"start":{"line":2,"column":25},"end":{"line":10,"column":1}},"1":{"start":{"line":2,"column":35},"end":{"line":10,"column":1}},"2":{"start":{"line":3,"column":2},"end":{"line":6,"column":5}},"3":{"start":{"line":8,"column":2},"end":{"line":8,"column":74}},"4":{"start":{"line":9,"column":2},"end":{"line":9,"column":14}},"5":{"start":{"line":13,"column":30},"end":{"line":20,"column":1}},"6":{"start":{"line":13,"column":40},"end":{"line":20,"column":1}},"7":{"start":{"line":14,"column":2},"end":{"line":17,"column":5}},"8":{"start":{"line":18,"column":2},"end":{"line":18,"column":74}},"9":{"start":{"line":19,"column":2},"end":{"line":19,"column":14}}},"fnMap":{"0":{"name":"(anonymous_0)","decl":{"start":{"line":2,"column":25},"end":{"line":2,"column":26}},"loc":{"start":{"line":2,"column":35},"end":{"line":10,"column":1}},"line":2},"1":{"name":"(anonymous_1)","decl":{"start":{"line":2,"column":35},"end":{"line":2,"column":36}},"loc":{"start":{"line":2,"column":65},"end":{"line":10,"column":1}},"line":2},"2":{"name":"(anonymous_2)","decl":{"start":{"line":13,"column":30},"end":{"line":13,"column":31}},"loc":{"start":{"line":13,"column":40},"end":{"line":20,"column":1}},"line":13},"3":{"name":"(anonymous_3)","decl":{"start":{"line":13,"column":40},"end":{"line":13,"column":41}},"loc":{"start":{"line":13,"column":70},"end":{"line":20,"column":1}},"line":13}},"branchMap":{},"s":{"0":0,"1":0,"2":0,"3":0,"4":0,"5":0,"6":0,"7":0,"8":0,"9":0},"f":{"0":0,"1":0,"2":0,"3":0},"b":{}}
,"/run/media/sudeep/f7df5fe2-a328-406c-ba16-fef3087b266d/srs/dev/work/Eshop-tutorial/frontend/src/redux/actions/event.js": {"path":"/run/media/sudeep/f7df5fe2-a328-406c-ba16-fef3087b266d/srs/dev/work/Eshop-tutorial/frontend/src/redux/actions/event.js","statementMap":{"0":{"start":{"line":5,"column":27},"end":{"line":22,"column":1}},"1":{"start":{"line":5,"column":37},"end":{"line":22,"column":1}},"2":{"start":{"line":6,"column":2},"end":{"line":21,"column":3}},"3":{"start":{"line":7,"column":4},"end":{"line":9,"column":7}},"4":{"start":{"line":11,"column":18},"end":{"line":11,"column":72}},"5":{"start":{"line":12,"column":4},"end":{"line":15,"column":7}},"6":{"start":{"line":17,"column":4},"end":{"line":20,"column":7}},"7":{"start":{"line":25,"column":32},"end":{"line":42,"column":1}},"8":{"start":{"line":25,"column":40},"end":{"line":42,"column":1}},"9":{"start":{"line":26,"column":2},"end":{"line":41,"column":3}},"10":{"start":{"line":27,"column":4},"end":{"line":29,"column":7}},"11":{"start":{"line":31,"column":21},"end":{"line":31,"column":76}},"12":{"start":{"line":32,"column":4},"end":{"line":35,"column":7}},"13":{"start":{"line":37,"column":4},"end":{"line":40,"column":7}},"14":{"start":{"line":45,"column":27},"end":{"line":68,"column":1}},"15":{"start":{"line":45,"column":35},"end":{"line":68,"column":1}},"16":{"start":{"line":46,"column":2},"end":{"line":67,"column":3}},"17":{"start":{"line":47,"column":4},"end":{"line":49,"column":7}},"18":{"start":{"line":51,"column":21},"end":{"line":56,"column":5}},"19":{"start":{"line":58,"column":4},"end":{"line":61,"column":7}},"20":{"start":{"line":63,"column":4},"end":{"line":66,"column":7}},"21":{"start":{"line":71,"column":28},"end":{"line":88,"column":1}},"22":{"start":{"line":71,"column":34},"end":{"line":88,"column":1}},"23":{"start":{"line":72,"column":2},"end":{"line":87,"column":3}},"24":{"start":{"line":73,"column":4},"end":{"line":75,"column":7}},"25":{"start":{"line":77,"column":21},"end":{"line":77,"column":70}},"26":{"start":{"line":78,"column":4},"end":{"line":81,"column":7}},"27":{"start":{"line":83,"column":4},"end":{"line":86,"column":7}}},"fnMap":{"0":{"name":"(anonymous_0)","decl":{"start":{"line":5,"column":27},"end":{"line":5,"column":28}},"loc":{"start":{"line":5,"column":37},"end":{"line":22,"column":1}},"line":5},"1":{"name":"(anonymous_1)","decl":{"start":{"line":5,"column":37},"end":{"line":5,"column":38}},"loc":{"start":{"line":5,"column":57},"end":{"line":22,"column":1}},"line":5},"2":{"name":"(anonymous_2)","decl":{"start":{"line":25,"column":32},"end":{"line":25,"column":33}},"loc":{"start":{"line":25,"column":40},"end":{"line":42,"column":1}},"line":25},"3":{"name":"(anonymous_3)","decl":{"start":{"line":25,"column":40},"end":{"line":25,"column":41}},"loc":{"start":{"line":25,"column":60},"end":{"line":42,"column":1}},"line":25},"4":{"name":"(anonymous_4)","decl":{"start":{"line":45,"column":27},"end":{"line":45,"column":28}},"loc":{"start":{"line":45,"column":35},"end":{"line":68,"column":1}},"line":45},"5":{"name":"(anonymous_5)","decl":{"start":{"line":45,"column":35},"end":{"line":45,"column":36}},"loc":{"start":{"line":45,"column":55},"end":{"line":68,"column":1}},"line":45},"6":{"name":"(anonymous_6)","decl":{"start":{"line":71,"column":28},"end":{"line":71,"column":29}},"loc":{"start":{"line":71,"column":34},"end":{"line":88,"column":1}},"line":71},"7":{"name":"(anonymous_7)","decl":{"start":{"line":71,"column":34},"end":{"line":71,"column":35}},"loc":{"start":{"line":71,"column":54},"end":{"line":88,"column":1}},"line":71}},"branchMap":{},"s":{"0":0,"1":0,"2":0,"3":0,"4":0,"5":0,"6":0,"7":0,"8":0,"9":0,"10":0,"11":0,"12":0,"13":0,"14":0,"15":0,"16":0,"17":0,"18":0,"19":0,"20":0,"21":0,"22":0,"23":0,"24":0,"25":0,"26":0,"27":0},"f":{"0":0,"1":0,"2":0,"3":0,"4":0,"5":0,"6":0,"7":0},"b":{}}
,"/run/media/sudeep/f7df5fe2-a328-406c-ba16-fef3087b266d/srs/dev/work/Eshop-tutorial/frontend/src/redux/actions/order.js": {"path":"/run/media/sudeep/f7df5fe2-a328-406c-ba16-fef3087b266d/srs/dev/work/Eshop-tutorial/frontend/src/redux/actions/order.js","statementMap":{"0":{"start":{"line":5,"column":34},"end":{"line":25,"column":1}},"1":{"start":{"line":5,"column":46},"end":{"line":25,"column":1}},"2":{"start":{"line":6,"column":2},"end":{"line":24,"column":3}},"3":{"start":{"line":7,"column":4},"end":{"line":9,"column":7}},"4":{"start":{"line":11,"column":21},"end":{"line":13,"column":5}},"5":{"start":{"line":15,"column":4},"end":{"line":18,"column":7}},"6":{"start":{"line":20,"column":4},"end":{"line":23,"column":7}},"7":{"start":{"line":28,"column":34},"end":{"line":48,"column":1}},"8":{"start":{"line":28,"column":46},"end":{"line":48,"column":1}},"9":{"start":{"line":29,"column":2},"end":{"line":47,"column":3}},"10":{"start":{"line":30,"column":4},"end":{"line":32,"column":7}},"11":{"start":{"line":34,"column":21},"end":{"line":36,"column":5}},"12":{"start":{"line":38,"column":4},"end":{"line":41,"column":7}},"13":{"start":{"line":43,"column":4},"end":{"line":46,"column":7}},"14":{"start":{"line":51,"column":35},"end":{"line":71,"column":1}},"15":{"start":{"line":51,"column":41},"end":{"line":71,"column":1}},"16":{"start":{"line":52,"column":2},"end":{"line":70,"column":3}},"17":{"start":{"line":53,"column":4},"end":{"line":55,"column":7}},"18":{"start":{"line":57,"column":21},"end":{"line":59,"column":6}},"19":{"start":{"line":61,"column":4},"end":{"line":64,"column":7}},"20":{"start":{"line":66,"column":4},"end":{"line":69,"column":7}}},"fnMap":{"0":{"name":"(anonymous_0)","decl":{"start":{"line":5,"column":34},"end":{"line":5,"column":35}},"loc":{"start":{"line":5,"column":46},"end":{"line":25,"column":1}},"line":5},"1":{"name":"(anonymous_1)","decl":{"start":{"line":5,"column":46},"end":{"line":5,"column":47}},"loc":{"start":{"line":5,"column":66},"end":{"line":25,"column":1}},"line":5},"2":{"name":"(anonymous_2)","decl":{"start":{"line":28,"column":34},"end":{"line":28,"column":35}},"loc":{"start":{"line":28,"column":46},"end":{"line":48,"column":1}},"line":28},"3":{"name":"(anonymous_3)","decl":{"start":{"line":28,"column":46},"end":{"line":28,"column":47}},"loc":{"start":{"line":28,"column":66},"end":{"line":48,"column":1}},"line":28},"4":{"name":"(anonymous_4)","decl":{"start":{"line":51,"column":35},"end":{"line":51,"column":36}},"loc":{"start":{"line":51,"column":41},"end":{"line":71,"column":1}},"line":51},"5":{"name":"(anonymous_5)","decl":{"start":{"line":51,"column":41},"end":{"line":51,"column":42}},"loc":{"start":{"line":51,"column":61},"end":{"line":71,"column":1}},"line":51}},"branchMap":{},"s":{"0":0,"1":0,"2":0,"3":0,"4":0,"5":0,"6":0,"7":0,"8":0,"9":0,"10":0,"11":0,"12":0,"13":0,"14":0,"15":0,"16":0,"17":0,"18":0,"19":0,"20":0},"f":{"0":0,"1":0,"2":0,"3":0,"4":0,"5":0},"b":{}}
,"/run/media/sudeep/f7df5fe2-a328-406c-ba16-fef3087b266d/srs/dev/work/Eshop-tutorial/frontend/src/redux/actions/product.js": {"path":"/run/media/sudeep/f7df5fe2-a328-406c-ba16-fef3087b266d/srs/dev/work/Eshop-tutorial/frontend/src/redux/actions/product.js","statementMap":{"0":{"start":{"line":6,"column":2},"end":{"line":45,"column":3}},"1":{"start":{"line":17,"column":2},"end":{"line":45,"column":3}},"2":{"start":{"line":18,"column":4},"end":{"line":44,"column":5}},"3":{"start":{"line":19,"column":6},"end":{"line":21,"column":9}},"4":{"start":{"line":23,"column":23},"end":{"line":34,"column":7}},"5":{"start":{"line":35,"column":6},"end":{"line":38,"column":9}},"6":{"start":{"line":40,"column":6},"end":{"line":43,"column":9}},"7":{"start":{"line":48,"column":34},"end":{"line":67,"column":1}},"8":{"start":{"line":48,"column":42},"end":{"line":67,"column":1}},"9":{"start":{"line":49,"column":2},"end":{"line":66,"column":3}},"10":{"start":{"line":50,"column":4},"end":{"line":52,"column":7}},"11":{"start":{"line":54,"column":21},"end":{"line":56,"column":5}},"12":{"start":{"line":57,"column":4},"end":{"line":60,"column":7}},"13":{"start":{"line":62,"column":4},"end":{"line":65,"column":7}},"14":{"start":{"line":70,"column":29},"end":{"line":93,"column":1}},"15":{"start":{"line":70,"column":37},"end":{"line":93,"column":1}},"16":{"start":{"line":71,"column":2},"end":{"line":92,"column":3}},"17":{"start":{"line":72,"column":4},"end":{"line":74,"column":7}},"18":{"start":{"line":76,"column":21},"end":{"line":81,"column":5}},"19":{"start":{"line":83,"column":4},"end":{"line":86,"column":7}},"20":{"start":{"line":88,"column":4},"end":{"line":91,"column":7}},"21":{"start":{"line":96,"column":30},"end":{"line":113,"column":1}},"22":{"start":{"line":96,"column":36},"end":{"line":113,"column":1}},"23":{"start":{"line":97,"column":2},"end":{"line":112,"column":3}},"24":{"start":{"line":98,"column":4},"end":{"line":100,"column":7}},"25":{"start":{"line":102,"column":21},"end":{"line":102,"column":74}},"26":{"start":{"line":103,"column":4},"end":{"line":106,"column":7}},"27":{"start":{"line":108,"column":4},"end":{"line":111,"column":7}}},"fnMap":{"0":{"name":"(anonymous_0)","decl":{"start":{"line":6,"column":2},"end":{"line":6,"column":3}},"loc":{"start":{"line":17,"column":2},"end":{"line":45,"column":3}},"line":17},"1":{"name":"(anonymous_1)","decl":{"start":{"line":17,"column":2},"end":{"line":17,"column":3}},"loc":{"start":{"line":17,"column":22},"end":{"line":45,"column":3}},"line":17},"2":{"name":"(anonymous_2)","decl":{"start":{"line":48,"column":34},"end":{"line":48,"column":35}},"loc":{"start":{"line":48,"column":42},"end":{"line":67,"column":1}},"line":48},"3":{"name":"(anonymous_3)","decl":{"start":{"line":48,"column":42},"end":{"line":48,"column":43}},"loc":{"start":{"line":48,"column":62},"end":{"line":67,"column":1}},"line":48},"4":{"name":"(anonymous_4)","decl":{"start":{"line":70,"column":29},"end":{"line":70,"column":30}},"loc":{"start":{"line":70,"column":37},"end":{"line":93,"column":1}},"line":70},"5":{"name":"(anonymous_5)","decl":{"start":{"line":70,"column":37},"end":{"line":70,"column":38}},"loc":{"start":{"line":70,"column":57},"end":{"line":93,"column":1}},"line":70},"6":{"name":"(anonymous_6)","decl":{"start":{"line":96,"column":30},"end":{"line":96,"column":31}},"loc":{"start":{"line":96,"column":36},"end":{"line":113,"column":1}},"line":96},"7":{"name":"(anonymous_7)","decl":{"start":{"line":96,"column":36},"end":{"line":96,"column":37}},"loc":{"start":{"line":96,"column":56},"end":{"line":113,"column":1}},"line":96}},"branchMap":{},"s":{"0":0,"1":0,"2":0,"3":0,"4":0,"5":0,"6":0,"7":0,"8":0,"9":0,"10":0,"11":0,"12":0,"13":0,"14":0,"15":0,"16":0,"17":0,"18":0,"19":0,"20":0,"21":0,"22":0,"23":0,"24":0,"25":0,"26":0,"27":0},"f":{"0":0,"1":0,"2":0,"3":0,"4":0,"5":0,"6":0,"7":0},"b":{}}
,"/run/media/sudeep/f7df5fe2-a328-406c-ba16-fef3087b266d/srs/dev/work/Eshop-tutorial/frontend/src/redux/actions/sellers.js": {"path":"/run/media/sudeep/f7df5fe2-a328-406c-ba16-fef3087b266d/srs/dev/work/Eshop-tutorial/frontend/src/redux/actions/sellers.js","statementMap":{"0":{"start":{"line":5,"column":29},"end":{"line":25,"column":1}},"1":{"start":{"line":5,"column":35},"end":{"line":25,"column":1}},"2":{"start":{"line":6,"column":2},"end":{"line":24,"column":3}},"3":{"start":{"line":7,"column":4},"end":{"line":9,"column":7}},"4":{"start":{"line":11,"column":21},"end":{"line":13,"column":6}},"5":{"start":{"line":15,"column":4},"end":{"line":18,"column":7}},"6":{"start":{"line":20,"column":4},"end":{"line":23,"column":7}}},"fnMap":{"0":{"name":"(anonymous_0)","decl":{"start":{"line":5,"column":29},"end":{"line":5,"column":30}},"loc":{"start":{"line":5,"column":35},"end":{"line":25,"column":1}},"line":5},"1":{"name":"(anonymous_1)","decl":{"start":{"line":5,"column":35},"end":{"line":5,"column":36}},"loc":{"start":{"line":5,"column":55},"end":{"line":25,"column":1}},"line":5}},"branchMap":{},"s":{"0":0,"1":0,"2":0,"3":0,"4":0,"5":0,"6":0},"f":{"0":0,"1":0},"b":{}}
,"/run/media/sudeep/f7df5fe2-a328-406c-ba16-fef3087b266d/srs/dev/work/Eshop-tutorial/frontend/src/redux/actions/user.js": {"path":"/run/media/sudeep/f7df5fe2-a328-406c-ba16-fef3087b266d/srs/dev/work/Eshop-tutorial/frontend/src/redux/actions/user.js","statementMap":{"0":{"start":{"line":5,"column":24},"end":{"line":23,"column":1}},"1":{"start":{"line":5,"column":30},"end":{"line":23,"column":1}},"2":{"start":{"line":6,"column":2},"end":{"line":22,"column":3}},"3":{"start":{"line":7,"column":4},"end":{"line":9,"column":7}},"4":{"start":{"line":10,"column":21},"end":{"line":12,"column":6}},"5":{"start":{"line":13,"column":4},"end":{"line":16,"column":7}},"6":{"start":{"line":18,"column":4},"end":{"line":21,"column":7}},"7":{"start":{"line":26,"column":26},"end":{"line":44,"column":1}},"8":{"start":{"line":26,"column":32},"end":{"line":44,"column":1}},"9":{"start":{"line":27,"column":2},"end":{"line":43,"column":3}},"10":{"start":{"line":28,"column":4},"end":{"line":30,"column":7}},"11":{"start":{"line":31,"column":21},"end":{"line":33,"column":6}},"12":{"start":{"line":34,"column":4},"end":{"line":37,"column":7}},"13":{"start":{"line":39,"column":4},"end":{"line":42,"column":7}},"14":{"start":{"line":48,"column":2},"end":{"line":80,"column":3}},"15":{"start":{"line":48,"column":42},"end":{"line":80,"column":3}},"16":{"start":{"line":49,"column":4},"end":{"line":79,"column":5}},"17":{"start":{"line":50,"column":6},"end":{"line":52,"column":9}},"18":{"start":{"line":54,"column":23},"end":{"line":68,"column":7}},"19":{"start":{"line":70,"column":6},"end":{"line":73,"column":9}},"20":{"start":{"line":75,"column":6},"end":{"line":78,"column":9}},"21":{"start":{"line":84,"column":2},"end":{"line":117,"column":3}},"22":{"start":{"line":85,"column":2},"end":{"line":117,"column":3}},"23":{"start":{"line":86,"column":4},"end":{"line":116,"column":5}},"24":{"start":{"line":87,"column":6},"end":{"line":89,"column":9}},"25":{"start":{"line":91,"column":23},"end":{"line":102,"column":7}},"26":{"start":{"line":104,"column":6},"end":{"line":110,"column":9}},"27":{"start":{"line":112,"column":6},"end":{"line":115,"column":9}},"28":{"start":{"line":120,"column":33},"end":{"line":144,"column":1}},"29":{"start":{"line":120,"column":41},"end":{"line":144,"column":1}},"30":{"start":{"line":121,"column":2},"end":{"line":143,"column":3}},"31":{"start":{"line":122,"column":4},"end":{"line":124,"column":7}},"32":{"start":{"line":126,"column":21},"end":{"line":129,"column":5}},"33":{"start":{"line":131,"column":4},"end":{"line":137,"column":7}},"34":{"start":{"line":139,"column":4},"end":{"line":142,"column":7}},"35":{"start":{"line":147,"column":27},"end":{"line":167,"column":1}},"36":{"start":{"line":147,"column":33},"end":{"line":167,"column":1}},"37":{"start":{"line":148,"column":2},"end":{"line":166,"column":3}},"38":{"start":{"line":149,"column":4},"end":{"line":151,"column":7}},"39":{"start":{"line":153,"column":21},"end":{"line":155,"column":6}},"40":{"start":{"line":157,"column":4},"end":{"line":160,"column":7}},"41":{"start":{"line":162,"column":4},"end":{"line":165,"column":7}}},"fnMap":{"0":{"name":"(anonymous_0)","decl":{"start":{"line":5,"column":24},"end":{"line":5,"column":25}},"loc":{"start":{"line":5,"column":30},"end":{"line":23,"column":1}},"line":5},"1":{"name":"(anonymous_1)","decl":{"start":{"line":5,"column":30},"end":{"line":5,"column":31}},"loc":{"start":{"line":5,"column":50},"end":{"line":23,"column":1}},"line":5},"2":{"name":"(anonymous_2)","decl":{"start":{"line":26,"column":26},"end":{"line":26,"column":27}},"loc":{"start":{"line":26,"column":32},"end":{"line":44,"column":1}},"line":26},"3":{"name":"(anonymous_3)","decl":{"start":{"line":26,"column":32},"end":{"line":26,"column":33}},"loc":{"start":{"line":26,"column":52},"end":{"line":44,"column":1}},"line":26},"4":{"name":"(anonymous_4)","decl":{"start":{"line":48,"column":2},"end":{"line":48,"column":3}},"loc":{"start":{"line":48,"column":42},"end":{"line":80,"column":3}},"line":48},"5":{"name":"(anonymous_5)","decl":{"start":{"line":48,"column":42},"end":{"line":48,"column":43}},"loc":{"start":{"line":48,"column":62},"end":{"line":80,"column":3}},"line":48},"6":{"name":"(anonymous_6)","decl":{"start":{"line":84,"column":2},"end":{"line":84,"column":3}},"loc":{"start":{"line":85,"column":2},"end":{"line":117,"column":3}},"line":85},"7":{"name":"(anonymous_7)","decl":{"start":{"line":85,"column":2},"end":{"line":85,"column":3}},"loc":{"start":{"line":85,"column":22},"end":{"line":117,"column":3}},"line":85},"8":{"name":"(anonymous_8)","decl":{"start":{"line":120,"column":33},"end":{"line":120,"column":34}},"loc":{"start":{"line":120,"column":41},"end":{"line":144,"column":1}},"line":120},"9":{"name":"(anonymous_9)","decl":{"start":{"line":120,"column":41},"end":{"line":120,"column":42}},"loc":{"start":{"line":120,"column":61},"end":{"line":144,"column":1}},"line":120},"10":{"name":"(anonymous_10)","decl":{"start":{"line":147,"column":27},"end":{"line":147,"column":28}},"loc":{"start":{"line":147,"column":33},"end":{"line":167,"column":1}},"line":147},"11":{"name":"(anonymous_11)","decl":{"start":{"line":147,"column":33},"end":{"line":147,"column":34}},"loc":{"start":{"line":147,"column":53},"end":{"line":167,"column":1}},"line":147}},"branchMap":{},"s":{"0":0,"1":0,"2":0,"3":0,"4":0,"5":0,"6":0,"7":0,"8":0,"9":0,"10":0,"11":0,"12":0,"13":0,"14":0,"15":0,"16":0,"17":0,"18":0,"19":0,"20":0,"21":0,"22":0,"23":0,"24":0,"25":0,"26":0,"27":0,"28":0,"29":0,"30":0,"31":0,"32":0,"33":0,"34":0,"35":0,"36":0,"37":0,"38":0,"39":0,"40":0,"41":0},"f":{"0":0,"1":0,"2":0,"3":0,"4":0,"5":0,"6":0,"7":0,"8":0,"9":0,"10":0,"11":0},"b":{}}
,"/run/media/sudeep/f7df5fe2-a328-406c-ba16-fef3087b266d/srs/dev/work/Eshop-tutorial/frontend/src/redux/actions/wishlist.js": {"path":"/run/media/sudeep/f7df5fe2-a328-406c-ba16-fef3087b266d/srs/dev/work/Eshop-tutorial/frontend/src/redux/actions/wishlist.js","statementMap":{"0":{"start":{"line":2,"column":29},"end":{"line":10,"column":3}},"1":{"start":{"line":2,"column":39},"end":{"line":10,"column":3}},"2":{"start":{"line":3,"column":4},"end":{"line":6,"column":7}},"3":{"start":{"line":8,"column":4},"end":{"line":8,"column":88}},"4":{"start":{"line":9,"column":4},"end":{"line":9,"column":16}},"5":{"start":{"line":13,"column":36},"end":{"line":20,"column":3}},"6":{"start":{"line":13,"column":46},"end":{"line":20,"column":3}},"7":{"start":{"line":14,"column":4},"end":{"line":17,"column":7}},"8":{"start":{"line":18,"column":4},"end":{"line":18,"column":88}},"9":{"start":{"line":19,"column":4},"end":{"line":19,"column":16}}},"fnMap":{"0":{"name":"(anonymous_0)","decl":{"start":{"line":2,"column":29},"end":{"line":2,"column":30}},"loc":{"start":{"line":2,"column":39},"end":{"line":10,"column":3}},"line":2},"1":{"name":"(anonymous_1)","decl":{"start":{"line":2,"column":39},"end":{"line":2,"column":40}},"loc":{"start":{"line":2,"column":69},"end":{"line":10,"column":3}},"line":2},"2":{"name":"(anonymous_2)","decl":{"start":{"line":13,"column":36},"end":{"line":13,"column":37}},"loc":{"start":{"line":13,"column":46},"end":{"line":20,"column":3}},"line":13},"3":{"name":"(anonymous_3)","decl":{"start":{"line":13,"column":46},"end":{"line":13,"column":47}},"loc":{"start":{"line":13,"column":76},"end":{"line":20,"column":3}},"line":13}},"branchMap":{},"s":{"0":0,"1":0,"2":0,"3":0,"4":0,"5":0,"6":0,"7":0,"8":0,"9":0},"f":{"0":0,"1":0,"2":0,"3":0},"b":{}}
,"/run/media/sudeep/f7df5fe2-a328-406c-ba16-fef3087b266d/srs/dev/work/Eshop-tutorial/frontend/src/redux/reducers/cart.js": {"path":"/run/media/sudeep/f7df5fe2-a328-406c-ba16-fef3087b266d/srs/dev/work/Eshop-tutorial/frontend/src/redux/reducers/cart.js","statementMap":{"0":{"start":{"line":3,"column":21},"end":{"line":7,"column":1}},"1":{"start":{"line":9,"column":27},"end":{"line":32,"column":2}},"2":{"start":{"line":11,"column":17},"end":{"line":11,"column":31}},"3":{"start":{"line":12,"column":24},"end":{"line":12,"column":66}},"4":{"start":{"line":12,"column":47},"end":{"line":12,"column":65}},"5":{"start":{"line":13,"column":4},"end":{"line":23,"column":5}},"6":{"start":{"line":14,"column":6},"end":{"line":17,"column":8}},"7":{"start":{"line":16,"column":37},"end":{"line":16,"column":73}},"8":{"start":{"line":19,"column":6},"end":{"line":22,"column":8}},"9":{"start":{"line":27,"column":4},"end":{"line":30,"column":6}},"10":{"start":{"line":29,"column":37},"end":{"line":29,"column":61}}},"fnMap":{"0":{"name":"(anonymous_0)","decl":{"start":{"line":10,"column":13},"end":{"line":10,"column":14}},"loc":{"start":{"line":10,"column":32},"end":{"line":24,"column":3}},"line":10},"1":{"name":"(anonymous_1)","decl":{"start":{"line":12,"column":40},"end":{"line":12,"column":41}},"loc":{"start":{"line":12,"column":47},"end":{"line":12,"column":65}},"line":12},"2":{"name":"(anonymous_2)","decl":{"start":{"line":16,"column":29},"end":{"line":16,"column":30}},"loc":{"start":{"line":16,"column":37},"end":{"line":16,"column":73}},"line":16},"3":{"name":"(anonymous_3)","decl":{"start":{"line":26,"column":18},"end":{"line":26,"column":19}},"loc":{"start":{"line":26,"column":37},"end":{"line":31,"column":3}},"line":26},"4":{"name":"(anonymous_4)","decl":{"start":{"line":29,"column":30},"end":{"line":29,"column":31}},"loc":{"start":{"line":29,"column":37},"end":{"line":29,"column":61}},"line":29}},"branchMap":{"0":{"loc":{"start":{"line":4,"column":8},"end":{"line":6,"column":8}},"type":"cond-expr","locations":[{"start":{"line":5,"column":6},"end":{"line":5,"column":51}},{"start":{"line":6,"column":6},"end":{"line":6,"column":8}}],"line":4},"1":{"loc":{"start":{"line":13,"column":4},"end":{"line":23,"column":5}},"type":"if","locations":[{"start":{"line":13,"column":4},"end":{"line":23,"column":5}},{"start":{"line":18,"column":11},"end":{"line":23,"column":5}}],"line":13},"2":{"loc":{"start":{"line":16,"column":37},"end":{"line":16,"column":73}},"type":"cond-expr","locations":[{"start":{"line":16,"column":65},"end":{"line":16,"column":69}},{"start":{"line":16,"column":72},"end":{"line":16,"column":73}}],"line":16}},"s":{"0":0,"1":0,"2":0,"3":0,"4":0,"5":0,"6":0,"7":0,"8":0,"9":0,"10":0},"f":{"0":0,"1":0,"2":0,"3":0,"4":0},"b":{"0":[0,0],"1":[0,0],"2":[0,0]}}
,"/run/media/sudeep/f7df5fe2-a328-406c-ba16-fef3087b266d/srs/dev/work/Eshop-tutorial/frontend/src/redux/reducers/event.js": {"path":"/run/media/sudeep/f7df5fe2-a328-406c-ba16-fef3087b266d/srs/dev/work/Eshop-tutorial/frontend/src/redux/reducers/event.js","statementMap":{"0":{"start":{"line":3,"column":21},"end":{"line":5,"column":1}},"1":{"start":{"line":7,"column":28},"end":{"line":64,"column":2}},"2":{"start":{"line":9,"column":4},"end":{"line":9,"column":27}},"3":{"start":{"line":12,"column":4},"end":{"line":12,"column":28}},"4":{"start":{"line":13,"column":4},"end":{"line":13,"column":33}},"5":{"start":{"line":14,"column":4},"end":{"line":14,"column":25}},"6":{"start":{"line":17,"column":4},"end":{"line":17,"column":28}},"7":{"start":{"line":18,"column":4},"end":{"line":18,"column":33}},"8":{"start":{"line":19,"column":4},"end":{"line":19,"column":26}},"9":{"start":{"line":24,"column":4},"end":{"line":24,"column":27}},"10":{"start":{"line":27,"column":4},"end":{"line":27,"column":28}},"11":{"start":{"line":28,"column":4},"end":{"line":28,"column":34}},"12":{"start":{"line":31,"column":4},"end":{"line":31,"column":28}},"13":{"start":{"line":32,"column":4},"end":{"line":32,"column":33}},"14":{"start":{"line":37,"column":4},"end":{"line":37,"column":27}},"15":{"start":{"line":40,"column":4},"end":{"line":40,"column":28}},"16":{"start":{"line":41,"column":4},"end":{"line":41,"column":35}},"17":{"start":{"line":44,"column":4},"end":{"line":44,"column":28}},"18":{"start":{"line":45,"column":4},"end":{"line":45,"column":33}},"19":{"start":{"line":50,"column":4},"end":{"line":50,"column":27}},"20":{"start":{"line":53,"column":4},"end":{"line":53,"column":28}},"21":{"start":{"line":54,"column":4},"end":{"line":54,"column":37}},"22":{"start":{"line":57,"column":4},"end":{"line":57,"column":28}},"23":{"start":{"line":58,"column":4},"end":{"line":58,"column":33}},"24":{"start":{"line":62,"column":4},"end":{"line":62,"column":23}}},"fnMap":{"0":{"name":"(anonymous_0)","decl":{"start":{"line":8,"column":22},"end":{"line":8,"column":23}},"loc":{"start":{"line":8,"column":33},"end":{"line":10,"column":3}},"line":8},"1":{"name":"(anonymous_1)","decl":{"start":{"line":11,"column":22},"end":{"line":11,"column":23}},"loc":{"start":{"line":11,"column":41},"end":{"line":15,"column":3}},"line":11},"2":{"name":"(anonymous_2)","decl":{"start":{"line":16,"column":19},"end":{"line":16,"column":20}},"loc":{"start":{"line":16,"column":38},"end":{"line":20,"column":3}},"line":16},"3":{"name":"(anonymous_3)","decl":{"start":{"line":23,"column":27},"end":{"line":23,"column":28}},"loc":{"start":{"line":23,"column":38},"end":{"line":25,"column":3}},"line":23},"4":{"name":"(anonymous_4)","decl":{"start":{"line":26,"column":27},"end":{"line":26,"column":28}},"loc":{"start":{"line":26,"column":46},"end":{"line":29,"column":3}},"line":26},"5":{"name":"(anonymous_5)","decl":{"start":{"line":30,"column":26},"end":{"line":30,"column":27}},"loc":{"start":{"line":30,"column":45},"end":{"line":33,"column":3}},"line":30},"6":{"name":"(anonymous_6)","decl":{"start":{"line":36,"column":22},"end":{"line":36,"column":23}},"loc":{"start":{"line":36,"column":33},"end":{"line":38,"column":3}},"line":36},"7":{"name":"(anonymous_7)","decl":{"start":{"line":39,"column":22},"end":{"line":39,"column":23}},"loc":{"start":{"line":39,"column":41},"end":{"line":42,"column":3}},"line":39},"8":{"name":"(anonymous_8)","decl":{"start":{"line":43,"column":21},"end":{"line":43,"column":22}},"loc":{"start":{"line":43,"column":40},"end":{"line":46,"column":3}},"line":43},"9":{"name":"(anonymous_9)","decl":{"start":{"line":49,"column":23},"end":{"line":49,"column":24}},"loc":{"start":{"line":49,"column":34},"end":{"line":51,"column":3}},"line":49},"10":{"name":"(anonymous_10)","decl":{"start":{"line":52,"column":23},"end":{"line":52,"column":24}},"loc":{"start":{"line":52,"column":42},"end":{"line":55,"column":3}},"line":52},"11":{"name":"(anonymous_11)","decl":{"start":{"line":56,"column":22},"end":{"line":56,"column":23}},"loc":{"start":{"line":56,"column":41},"end":{"line":59,"column":3}},"line":56},"12":{"name":"(anonymous_12)","decl":{"start":{"line":61,"column":15},"end":{"line":61,"column":16}},"loc":{"start":{"line":61,"column":26},"end":{"line":63,"column":3}},"line":61}},"branchMap":{},"s":{"0":0,"1":0,"2":0,"3":0,"4":0,"5":0,"6":0,"7":0,"8":0,"9":0,"10":0,"11":0,"12":0,"13":0,"14":0,"15":0,"16":0,"17":0,"18":0,"19":0,"20":0,"21":0,"22":0,"23":0,"24":0},"f":{"0":0,"1":0,"2":0,"3":0,"4":0,"5":0,"6":0,"7":0,"8":0,"9":0,"10":0,"11":0,"12":0},"b":{}}
,"/run/media/sudeep/f7df5fe2-a328-406c-ba16-fef3087b266d/srs/dev/work/Eshop-tutorial/frontend/src/redux/reducers/order.js": {"path":"/run/media/sudeep/f7df5fe2-a328-406c-ba16-fef3087b266d/srs/dev/work/Eshop-tutorial/frontend/src/redux/reducers/order.js","statementMap":{"0":{"start":{"line":3,"column":21},"end":{"line":5,"column":1}},"1":{"start":{"line":7,"column":28},"end":{"line":50,"column":2}},"2":{"start":{"line":10,"column":4},"end":{"line":10,"column":27}},"3":{"start":{"line":13,"column":4},"end":{"line":13,"column":28}},"4":{"start":{"line":14,"column":4},"end":{"line":14,"column":34}},"5":{"start":{"line":17,"column":4},"end":{"line":17,"column":28}},"6":{"start":{"line":18,"column":4},"end":{"line":18,"column":33}},"7":{"start":{"line":23,"column":4},"end":{"line":23,"column":27}},"8":{"start":{"line":26,"column":4},"end":{"line":26,"column":28}},"9":{"start":{"line":27,"column":4},"end":{"line":27,"column":34}},"10":{"start":{"line":30,"column":4},"end":{"line":30,"column":28}},"11":{"start":{"line":31,"column":4},"end":{"line":31,"column":33}},"12":{"start":{"line":36,"column":4},"end":{"line":36,"column":35}},"13":{"start":{"line":39,"column":4},"end":{"line":39,"column":36}},"14":{"start":{"line":40,"column":4},"end":{"line":40,"column":39}},"15":{"start":{"line":43,"column":4},"end":{"line":43,"column":36}},"16":{"start":{"line":44,"column":4},"end":{"line":44,"column":33}},"17":{"start":{"line":48,"column":4},"end":{"line":48,"column":23}}},"fnMap":{"0":{"name":"(anonymous_0)","decl":{"start":{"line":9,"column":27},"end":{"line":9,"column":28}},"loc":{"start":{"line":9,"column":38},"end":{"line":11,"column":3}},"line":9},"1":{"name":"(anonymous_1)","decl":{"start":{"line":12,"column":27},"end":{"line":12,"column":28}},"loc":{"start":{"line":12,"column":46},"end":{"line":15,"column":3}},"line":12},"2":{"name":"(anonymous_2)","decl":{"start":{"line":16,"column":26},"end":{"line":16,"column":27}},"loc":{"start":{"line":16,"column":45},"end":{"line":19,"column":3}},"line":16},"3":{"name":"(anonymous_3)","decl":{"start":{"line":22,"column":27},"end":{"line":22,"column":28}},"loc":{"start":{"line":22,"column":38},"end":{"line":24,"column":3}},"line":22},"4":{"name":"(anonymous_4)","decl":{"start":{"line":25,"column":27},"end":{"line":25,"column":28}},"loc":{"start":{"line":25,"column":46},"end":{"line":28,"column":3}},"line":25},"5":{"name":"(anonymous_5)","decl":{"start":{"line":29,"column":26},"end":{"line":29,"column":27}},"loc":{"start":{"line":29,"column":45},"end":{"line":32,"column":3}},"line":29},"6":{"name":"(anonymous_6)","decl":{"start":{"line":35,"column":25},"end":{"line":35,"column":26}},"loc":{"start":{"line":35,"column":36},"end":{"line":37,"column":3}},"line":35},"7":{"name":"(anonymous_7)","decl":{"start":{"line":38,"column":25},"end":{"line":38,"column":26}},"loc":{"start":{"line":38,"column":44},"end":{"line":41,"column":3}},"line":38},"8":{"name":"(anonymous_8)","decl":{"start":{"line":42,"column":24},"end":{"line":42,"column":25}},"loc":{"start":{"line":42,"column":43},"end":{"line":45,"column":3}},"line":42},"9":{"name":"(anonymous_9)","decl":{"start":{"line":47,"column":15},"end":{"line":47,"column":16}},"loc":{"start":{"line":47,"column":26},"end":{"line":49,"column":3}},"line":47}},"branchMap":{},"s":{"0":0,"1":0,"2":0,"3":0,"4":0,"5":0,"6":0,"7":0,"8":0,"9":0,"10":0,"11":0,"12":0,"13":0,"14":0,"15":0,"16":0,"17":0},"f":{"0":0,"1":0,"2":0,"3":0,"4":0,"5":0,"6":0,"7":0,"8":0,"9":0},"b":{}}
,"/run/media/sudeep/f7df5fe2-a328-406c-ba16-fef3087b266d/srs/dev/work/Eshop-tutorial/frontend/src/redux/reducers/product.js": {"path":"/run/media/sudeep/f7df5fe2-a328-406c-ba16-fef3087b266d/srs/dev/work/Eshop-tutorial/frontend/src/redux/reducers/product.js","statementMap":{"0":{"start":{"line":3,"column":21},"end":{"line":5,"column":1}},"1":{"start":{"line":7,"column":30},"end":{"line":64,"column":2}},"2":{"start":{"line":9,"column":4},"end":{"line":9,"column":27}},"3":{"start":{"line":12,"column":4},"end":{"line":12,"column":28}},"4":{"start":{"line":13,"column":4},"end":{"line":13,"column":35}},"5":{"start":{"line":14,"column":4},"end":{"line":14,"column":25}},"6":{"start":{"line":17,"column":4},"end":{"line":17,"column":28}},"7":{"start":{"line":18,"column":4},"end":{"line":18,"column":33}},"8":{"start":{"line":19,"column":4},"end":{"line":19,"column":26}},"9":{"start":{"line":24,"column":4},"end":{"line":24,"column":27}},"10":{"start":{"line":27,"column":4},"end":{"line":27,"column":28}},"11":{"start":{"line":28,"column":4},"end":{"line":28,"column":36}},"12":{"start":{"line":31,"column":4},"end":{"line":31,"column":28}},"13":{"start":{"line":32,"column":4},"end":{"line":32,"column":33}},"14":{"start":{"line":37,"column":4},"end":{"line":37,"column":27}},"15":{"start":{"line":40,"column":4},"end":{"line":40,"column":28}},"16":{"start":{"line":41,"column":4},"end":{"line":41,"column":35}},"17":{"start":{"line":44,"column":4},"end":{"line":44,"column":28}},"18":{"start":{"line":45,"column":4},"end":{"line":45,"column":33}},"19":{"start":{"line":50,"column":4},"end":{"line":50,"column":27}},"20":{"start":{"line":53,"column":4},"end":{"line":53,"column":28}},"21":{"start":{"line":54,"column":4},"end":{"line":54,"column":39}},"22":{"start":{"line":57,"column":4},"end":{"line":57,"column":28}},"23":{"start":{"line":58,"column":4},"end":{"line":58,"column":33}},"24":{"start":{"line":62,"column":4},"end":{"line":62,"column":23}}},"fnMap":{"0":{"name":"(anonymous_0)","decl":{"start":{"line":8,"column":24},"end":{"line":8,"column":25}},"loc":{"start":{"line":8,"column":35},"end":{"line":10,"column":3}},"line":8},"1":{"name":"(anonymous_1)","decl":{"start":{"line":11,"column":24},"end":{"line":11,"column":25}},"loc":{"start":{"line":11,"column":43},"end":{"line":15,"column":3}},"line":11},"2":{"name":"(anonymous_2)","decl":{"start":{"line":16,"column":21},"end":{"line":16,"column":22}},"loc":{"start":{"line":16,"column":40},"end":{"line":20,"column":3}},"line":16},"3":{"name":"(anonymous_3)","decl":{"start":{"line":23,"column":29},"end":{"line":23,"column":30}},"loc":{"start":{"line":23,"column":40},"end":{"line":25,"column":3}},"line":23},"4":{"name":"(anonymous_4)","decl":{"start":{"line":26,"column":29},"end":{"line":26,"column":30}},"loc":{"start":{"line":26,"column":48},"end":{"line":29,"column":3}},"line":26},"5":{"name":"(anonymous_5)","decl":{"start":{"line":30,"column":28},"end":{"line":30,"column":29}},"loc":{"start":{"line":30,"column":47},"end":{"line":33,"column":3}},"line":30},"6":{"name":"(anonymous_6)","decl":{"start":{"line":36,"column":24},"end":{"line":36,"column":25}},"loc":{"start":{"line":36,"column":35},"end":{"line":38,"column":3}},"line":36},"7":{"name":"(anonymous_7)","decl":{"start":{"line":39,"column":24},"end":{"line":39,"column":25}},"loc":{"start":{"line":39,"column":43},"end":{"line":42,"column":3}},"line":39},"8":{"name":"(anonymous_8)","decl":{"start":{"line":43,"column":23},"end":{"line":43,"column":24}},"loc":{"start":{"line":43,"column":42},"end":{"line":46,"column":3}},"line":43},"9":{"name":"(anonymous_9)","decl":{"start":{"line":49,"column":25},"end":{"line":49,"column":26}},"loc":{"start":{"line":49,"column":36},"end":{"line":51,"column":3}},"line":49},"10":{"name":"(anonymous_10)","decl":{"start":{"line":52,"column":25},"end":{"line":52,"column":26}},"loc":{"start":{"line":52,"column":44},"end":{"line":55,"column":3}},"line":52},"11":{"name":"(anonymous_11)","decl":{"start":{"line":56,"column":24},"end":{"line":56,"column":25}},"loc":{"start":{"line":56,"column":43},"end":{"line":59,"column":3}},"line":56},"12":{"name":"(anonymous_12)","decl":{"start":{"line":61,"column":15},"end":{"line":61,"column":16}},"loc":{"start":{"line":61,"column":26},"end":{"line":63,"column":3}},"line":61}},"branchMap":{},"s":{"0":0,"1":0,"2":0,"3":0,"4":0,"5":0,"6":0,"7":0,"8":0,"9":0,"10":0,"11":0,"12":0,"13":0,"14":0,"15":0,"16":0,"17":0,"18":0,"19":0,"20":0,"21":0,"22":0,"23":0,"24":0},"f":{"0":0,"1":0,"2":0,"3":0,"4":0,"5":0,"6":0,"7":0,"8":0,"9":0,"10":0,"11":0,"12":0},"b":{}}
,"/run/media/sudeep/f7df5fe2-a328-406c-ba16-fef3087b266d/srs/dev/work/Eshop-tutorial/frontend/src/redux/reducers/seller.js": {"path":"/run/media/sudeep/f7df5fe2-a328-406c-ba16-fef3087b266d/srs/dev/work/Eshop-tutorial/frontend/src/redux/reducers/seller.js","statementMap":{"0":{"start":{"line":3,"column":21},"end":{"line":5,"column":1}},"1":{"start":{"line":7,"column":29},"end":{"line":37,"column":2}},"2":{"start":{"line":9,"column":4},"end":{"line":9,"column":27}},"3":{"start":{"line":12,"column":4},"end":{"line":12,"column":26}},"4":{"start":{"line":13,"column":4},"end":{"line":13,"column":28}},"5":{"start":{"line":14,"column":4},"end":{"line":14,"column":34}},"6":{"start":{"line":17,"column":4},"end":{"line":17,"column":28}},"7":{"start":{"line":18,"column":4},"end":{"line":18,"column":33}},"8":{"start":{"line":19,"column":4},"end":{"line":19,"column":27}},"9":{"start":{"line":24,"column":4},"end":{"line":24,"column":27}},"10":{"start":{"line":27,"column":4},"end":{"line":27,"column":28}},"11":{"start":{"line":28,"column":4},"end":{"line":28,"column":35}},"12":{"start":{"line":31,"column":4},"end":{"line":31,"column":28}},"13":{"start":{"line":32,"column":4},"end":{"line":32,"column":33}},"14":{"start":{"line":35,"column":4},"end":{"line":35,"column":23}}},"fnMap":{"0":{"name":"(anonymous_0)","decl":{"start":{"line":8,"column":21},"end":{"line":8,"column":22}},"loc":{"start":{"line":8,"column":32},"end":{"line":10,"column":3}},"line":8},"1":{"name":"(anonymous_1)","decl":{"start":{"line":11,"column":21},"end":{"line":11,"column":22}},"loc":{"start":{"line":11,"column":40},"end":{"line":15,"column":3}},"line":11},"2":{"name":"(anonymous_2)","decl":{"start":{"line":16,"column":18},"end":{"line":16,"column":19}},"loc":{"start":{"line":16,"column":37},"end":{"line":20,"column":3}},"line":16},"3":{"name":"(anonymous_3)","decl":{"start":{"line":23,"column":24},"end":{"line":23,"column":25}},"loc":{"start":{"line":23,"column":35},"end":{"line":25,"column":3}},"line":23},"4":{"name":"(anonymous_4)","decl":{"start":{"line":26,"column":24},"end":{"line":26,"column":25}},"loc":{"start":{"line":26,"column":43},"end":{"line":29,"column":3}},"line":26},"5":{"name":"(anonymous_5)","decl":{"start":{"line":30,"column":22},"end":{"line":30,"column":23}},"loc":{"start":{"line":30,"column":41},"end":{"line":33,"column":3}},"line":30},"6":{"name":"(anonymous_6)","decl":{"start":{"line":34,"column":15},"end":{"line":34,"column":16}},"loc":{"start":{"line":34,"column":26},"end":{"line":36,"column":3}},"line":34}},"branchMap":{},"s":{"0":0,"1":0,"2":0,"3":0,"4":0,"5":0,"6":0,"7":0,"8":0,"9":0,"10":0,"11":0,"12":0,"13":0,"14":0},"f":{"0":0,"1":0,"2":0,"3":0,"4":0,"5":0,"6":0},"b":{}}
,"/run/media/sudeep/f7df5fe2-a328-406c-ba16-fef3087b266d/srs/dev/work/Eshop-tutorial/frontend/src/redux/reducers/user.js": {"path":"/run/media/sudeep/f7df5fe2-a328-406c-ba16-fef3087b266d/srs/dev/work/Eshop-tutorial/frontend/src/redux/reducers/user.js","statementMap":{"0":{"start":{"line":3,"column":21},"end":{"line":5,"column":1}},"1":{"start":{"line":7,"column":27},"end":{"line":81,"column":2}},"2":{"start":{"line":9,"column":4},"end":{"line":9,"column":25}},"3":{"start":{"line":12,"column":4},"end":{"line":12,"column":33}},"4":{"start":{"line":13,"column":4},"end":{"line":13,"column":26}},"5":{"start":{"line":14,"column":4},"end":{"line":14,"column":32}},"6":{"start":{"line":17,"column":4},"end":{"line":17,"column":26}},"7":{"start":{"line":18,"column":4},"end":{"line":18,"column":33}},"8":{"start":{"line":19,"column":4},"end":{"line":19,"column":34}},"9":{"start":{"line":24,"column":4},"end":{"line":24,"column":25}},"10":{"start":{"line":27,"column":4},"end":{"line":27,"column":26}},"11":{"start":{"line":28,"column":4},"end":{"line":28,"column":32}},"12":{"start":{"line":31,"column":4},"end":{"line":31,"column":26}},"13":{"start":{"line":32,"column":4},"end":{"line":32,"column":33}},"14":{"start":{"line":37,"column":4},"end":{"line":37,"column":32}},"15":{"start":{"line":40,"column":4},"end":{"line":40,"column":33}},"16":{"start":{"line":41,"column":4},"end":{"line":41,"column":57}},"17":{"start":{"line":42,"column":4},"end":{"line":42,"column":37}},"18":{"start":{"line":45,"column":4},"end":{"line":45,"column":33}},"19":{"start":{"line":46,"column":4},"end":{"line":46,"column":33}},"20":{"start":{"line":51,"column":4},"end":{"line":51,"column":32}},"21":{"start":{"line":54,"column":4},"end":{"line":54,"column":33}},"22":{"start":{"line":55,"column":4},"end":{"line":55,"column":57}},"23":{"start":{"line":56,"column":4},"end":{"line":56,"column":37}},"24":{"start":{"line":59,"column":4},"end":{"line":59,"column":33}},"25":{"start":{"line":60,"column":4},"end":{"line":60,"column":33}},"26":{"start":{"line":65,"column":4},"end":{"line":65,"column":30}},"27":{"start":{"line":68,"column":4},"end":{"line":68,"column":31}},"28":{"start":{"line":69,"column":4},"end":{"line":69,"column":33}},"29":{"start":{"line":72,"column":4},"end":{"line":72,"column":31}},"30":{"start":{"line":73,"column":4},"end":{"line":73,"column":33}},"31":{"start":{"line":76,"column":4},"end":{"line":76,"column":23}},"32":{"start":{"line":79,"column":4},"end":{"line":79,"column":32}}},"fnMap":{"0":{"name":"(anonymous_0)","decl":{"start":{"line":8,"column":19},"end":{"line":8,"column":20}},"loc":{"start":{"line":8,"column":30},"end":{"line":10,"column":3}},"line":8},"1":{"name":"(anonymous_1)","decl":{"start":{"line":11,"column":19},"end":{"line":11,"column":20}},"loc":{"start":{"line":11,"column":38},"end":{"line":15,"column":3}},"line":11},"2":{"name":"(anonymous_2)","decl":{"start":{"line":16,"column":16},"end":{"line":16,"column":17}},"loc":{"start":{"line":16,"column":35},"end":{"line":20,"column":3}},"line":16},"3":{"name":"(anonymous_3)","decl":{"start":{"line":23,"column":25},"end":{"line":23,"column":26}},"loc":{"start":{"line":23,"column":36},"end":{"line":25,"column":3}},"line":23},"4":{"name":"(anonymous_4)","decl":{"start":{"line":26,"column":25},"end":{"line":26,"column":26}},"loc":{"start":{"line":26,"column":44},"end":{"line":29,"column":3}},"line":26},"5":{"name":"(anonymous_5)","decl":{"start":{"line":30,"column":24},"end":{"line":30,"column":25}},"loc":{"start":{"line":30,"column":43},"end":{"line":33,"column":3}},"line":30},"6":{"name":"(anonymous_6)","decl":{"start":{"line":36,"column":28},"end":{"line":36,"column":29}},"loc":{"start":{"line":36,"column":39},"end":{"line":38,"column":3}},"line":36},"7":{"name":"(anonymous_7)","decl":{"start":{"line":39,"column":28},"end":{"line":39,"column":29}},"loc":{"start":{"line":39,"column":47},"end":{"line":43,"column":3}},"line":39},"8":{"name":"(anonymous_8)","decl":{"start":{"line":44,"column":27},"end":{"line":44,"column":28}},"loc":{"start":{"line":44,"column":46},"end":{"line":47,"column":3}},"line":44},"9":{"name":"(anonymous_9)","decl":{"start":{"line":50,"column":28},"end":{"line":50,"column":29}},"loc":{"start":{"line":50,"column":39},"end":{"line":52,"column":3}},"line":50},"10":{"name":"(anonymous_10)","decl":{"start":{"line":53,"column":28},"end":{"line":53,"column":29}},"loc":{"start":{"line":53,"column":47},"end":{"line":57,"column":3}},"line":53},"11":{"name":"(anonymous_11)","decl":{"start":{"line":58,"column":27},"end":{"line":58,"column":28}},"loc":{"start":{"line":58,"column":46},"end":{"line":61,"column":3}},"line":58},"12":{"name":"(anonymous_12)","decl":{"start":{"line":64,"column":22},"end":{"line":64,"column":23}},"loc":{"start":{"line":64,"column":33},"end":{"line":66,"column":3}},"line":64},"13":{"name":"(anonymous_13)","decl":{"start":{"line":67,"column":22},"end":{"line":67,"column":23}},"loc":{"start":{"line":67,"column":40},"end":{"line":70,"column":3}},"line":67},"14":{"name":"(anonymous_14)","decl":{"start":{"line":71,"column":21},"end":{"line":71,"column":22}},"loc":{"start":{"line":71,"column":39},"end":{"line":74,"column":3}},"line":71},"15":{"name":"(anonymous_15)","decl":{"start":{"line":75,"column":15},"end":{"line":75,"column":16}},"loc":{"start":{"line":75,"column":26},"end":{"line":77,"column":3}},"line":75},"16":{"name":"(anonymous_16)","decl":{"start":{"line":78,"column":17},"end":{"line":78,"column":18}},"loc":{"start":{"line":78,"column":28},"end":{"line":80,"column":3}},"line":78}},"branchMap":{},"s":{"0":0,"1":0,"2":0,"3":0,"4":0,"5":0,"6":0,"7":0,"8":0,"9":0,"10":0,"11":0,"12":0,"13":0,"14":0,"15":0,"16":0,"17":0,"18":0,"19":0,"20":0,"21":0,"22":0,"23":0,"24":0,"25":0,"26":0,"27":0,"28":0,"29":0,"30":0,"31":0,"32":0},"f":{"0":0,"1":0,"2":0,"3":0,"4":0,"5":0,"6":0,"7":0,"8":0,"9":0,"10":0,"11":0,"12":0,"13":0,"14":0,"15":0,"16":0},"b":{}}
,"/run/media/sudeep/f7df5fe2-a328-406c-ba16-fef3087b266d/srs/dev/work/Eshop-tutorial/frontend/src/redux/reducers/wishlist.js": {"path":"/run/media/sudeep/f7df5fe2-a328-406c-ba16-fef3087b266d/srs/dev/work/Eshop-tutorial/frontend/src/redux/reducers/wishlist.js","statementMap":{"0":{"start":{"line":3,"column":21},"end":{"line":7,"column":1}},"1":{"start":{"line":9,"column":31},"end":{"line":34,"column":2}},"2":{"start":{"line":11,"column":17},"end":{"line":11,"column":31}},"3":{"start":{"line":12,"column":24},"end":{"line":12,"column":70}},"4":{"start":{"line":12,"column":51},"end":{"line":12,"column":69}},"5":{"start":{"line":13,"column":4},"end":{"line":25,"column":5}},"6":{"start":{"line":14,"column":6},"end":{"line":19,"column":8}},"7":{"start":{"line":17,"column":10},"end":{"line":17,"column":46}},"8":{"start":{"line":21,"column":6},"end":{"line":24,"column":8}},"9":{"start":{"line":29,"column":4},"end":{"line":32,"column":6}},"10":{"start":{"line":31,"column":45},"end":{"line":31,"column":69}}},"fnMap":{"0":{"name":"(anonymous_0)","decl":{"start":{"line":10,"column":17},"end":{"line":10,"column":18}},"loc":{"start":{"line":10,"column":36},"end":{"line":26,"column":3}},"line":10},"1":{"name":"(anonymous_1)","decl":{"start":{"line":12,"column":44},"end":{"line":12,"column":45}},"loc":{"start":{"line":12,"column":51},"end":{"line":12,"column":69}},"line":12},"2":{"name":"(anonymous_2)","decl":{"start":{"line":16,"column":37},"end":{"line":16,"column":38}},"loc":{"start":{"line":17,"column":10},"end":{"line":17,"column":46}},"line":17},"3":{"name":"(anonymous_3)","decl":{"start":{"line":28,"column":22},"end":{"line":28,"column":23}},"loc":{"start":{"line":28,"column":41},"end":{"line":33,"column":3}},"line":28},"4":{"name":"(anonymous_4)","decl":{"start":{"line":31,"column":38},"end":{"line":31,"column":39}},"loc":{"start":{"line":31,"column":45},"end":{"line":31,"column":69}},"line":31}},"branchMap":{"0":{"loc":{"start":{"line":4,"column":12},"end":{"line":6,"column":8}},"type":"cond-expr","locations":[{"start":{"line":5,"column":6},"end":{"line":5,"column":55}},{"start":{"line":6,"column":6},"end":{"line":6,"column":8}}],"line":4},"1":{"loc":{"start":{"line":13,"column":4},"end":{"line":25,"column":5}},"type":"if","locations":[{"start":{"line":13,"column":4},"end":{"line":25,"column":5}},{"start":{"line":20,"column":11},"end":{"line":25,"column":5}}],"line":13},"2":{"loc":{"start":{"line":17,"column":10},"end":{"line":17,"column":46}},"type":"cond-expr","locations":[{"start":{"line":17,"column":38},"end":{"line":17,"column":42}},{"start":{"line":17,"column":45},"end":{"line":17,"column":46}}],"line":17}},"s":{"0":0,"1":0,"2":0,"3":0,"4":0,"5":0,"6":0,"7":0,"8":0,"9":0,"10":0},"f":{"0":0,"1":0,"2":0,"3":0,"4":0},"b":{"0":[0,0],"1":[0,0],"2":[0,0]}}
,"/run/media/sudeep/f7df5fe2-a328-406c-ba16-fef3087b266d/srs/dev/work/Eshop-tutorial/frontend/src/routes/AdminRoutes.js": {"path":"/run/media/sudeep/f7df5fe2-a328-406c-ba16-fef3087b266d/srs/dev/work/Eshop-tutorial/frontend/src/routes/AdminRoutes.js","statementMap":{},"fnMap":{},"branchMap":{},"s":{},"f":{},"b":{}}
,"/run/media/sudeep/f7df5fe2-a328-406c-ba16-fef3087b266d/srs/dev/work/Eshop-tutorial/frontend/src/routes/Routes.js": {"path":"/run/media/sudeep/f7df5fe2-a328-406c-ba16-fef3087b266d/srs/dev/work/Eshop-tutorial/frontend/src/routes/Routes.js","statementMap":{},"fnMap":{},"branchMap":{},"s":{},"f":{},"b":{}}
,"/run/media/sudeep/f7df5fe2-a328-406c-ba16-fef3087b266d/srs/dev/work/Eshop-tutorial/frontend/src/routes/ShopRoutes.js": {"path":"/run/media/sudeep/f7df5fe2-a328-406c-ba16-fef3087b266d/srs/dev/work/Eshop-tutorial/frontend/src/routes/ShopRoutes.js","statementMap":{},"fnMap":{},"branchMap":{},"s":{},"f":{},"b":{}}
,"/run/media/sudeep/f7df5fe2-a328-406c-ba16-fef3087b266d/srs/dev/work/Eshop-tutorial/frontend/src/styles/styles.js": {"path":"/run/media/sudeep/f7df5fe2-a328-406c-ba16-fef3087b266d/srs/dev/work/Eshop-tutorial/frontend/src/styles/styles.js","statementMap":{"0":{"start":{"line":1,"column":15},"end":{"line":16,"column":3}}},"fnMap":{},"branchMap":{},"s":{"0":0},"f":{},"b":{}}
}
