{"E:\\Desktop\\vaidya\\vaidyapanel\\src\\App.js": {"path":"E:\\Desktop\\vaidya\\vaidyapanel\\src\\App.js","statementMap":{"0":{"start":{"line":73,"column":12},"end":{"line":388,"column":1}},"1":{"start":{"line":74,"column":42},"end":{"line":74,"column":54}},"2":{"start":{"line":77,"column":21},"end":{"line":77,"column":70}},"3":{"start":{"line":78,"column":4},"end":{"line":78,"column":39}},"4":{"start":{"line":80,"column":2},"end":{"line":86,"column":9}},"5":{"start":{"line":81,"column":4},"end":{"line":81,"column":31}},"6":{"start":{"line":82,"column":4},"end":{"line":82,"column":33}},"7":{"start":{"line":83,"column":4},"end":{"line":83,"column":37}},"8":{"start":{"line":84,"column":4},"end":{"line":84,"column":35}},"9":{"start":{"line":85,"column":4},"end":{"line":85,"column":22}},"10":{"start":{"line":88,"column":2},"end":{"line":387,"column":4}}},"fnMap":{"0":{"name":"(anonymous_0)","decl":{"start":{"line":73,"column":12},"end":{"line":73,"column":13}},"loc":{"start":{"line":73,"column":18},"end":{"line":388,"column":1}},"line":73},"1":{"name":"getStripeApikey","decl":{"start":{"line":76,"column":17},"end":{"line":76,"column":32}},"loc":{"start":{"line":76,"column":35},"end":{"line":79,"column":3}},"line":76},"2":{"name":"(anonymous_2)","decl":{"start":{"line":80,"column":12},"end":{"line":80,"column":13}},"loc":{"start":{"line":80,"column":18},"end":{"line":86,"column":3}},"line":80}},"branchMap":{"0":{"loc":{"start":{"line":90,"column":7},"end":{"line":103,"column":7}},"type":"binary-expr","locations":[{"start":{"line":90,"column":7},"end":{"line":90,"column":19}},{"start":{"line":91,"column":8},"end":{"line":102,"column":19}}],"line":90}},"s":{"0":0,"1":0,"2":0,"3":0,"4":0,"5":0,"6":0,"7":0,"8":0,"9":0,"10":0},"f":{"0":0,"1":0,"2":0},"b":{"0":[0,0]}}
,"E:\\Desktop\\vaidya\\vaidyapanel\\src\\ShopRoutes.js": {"path":"E:\\Desktop\\vaidya\\vaidyapanel\\src\\ShopRoutes.js","statementMap":{},"fnMap":{},"branchMap":{},"s":{},"f":{},"b":{}}
,"E:\\Desktop\\vaidya\\vaidyapanel\\src\\index.js": {"path":"E:\\Desktop\\vaidya\\vaidyapanel\\src\\index.js","statementMap":{"0":{"start":{"line":8,"column":0},"end":{"line":13,"column":2}},"1":{"start":{"line":15,"column":0},"end":{"line":15,"column":18}}},"fnMap":{},"branchMap":{},"s":{"0":0,"1":0},"f":{},"b":{}}
,"E:\\Desktop\\vaidya\\vaidyapanel\\src\\reportWebVitals.js": {"path":"E:\\Desktop\\vaidya\\vaidyapanel\\src\\reportWebVitals.js","statementMap":{"0":{"start":{"line":1,"column":24},"end":{"line":11,"column":1}},"1":{"start":{"line":2,"column":2},"end":{"line":10,"column":3}},"2":{"start":{"line":3,"column":4},"end":{"line":9,"column":7}},"3":{"start":{"line":4,"column":6},"end":{"line":4,"column":26}},"4":{"start":{"line":5,"column":6},"end":{"line":5,"column":26}},"5":{"start":{"line":6,"column":6},"end":{"line":6,"column":26}},"6":{"start":{"line":7,"column":6},"end":{"line":7,"column":26}},"7":{"start":{"line":8,"column":6},"end":{"line":8,"column":27}}},"fnMap":{"0":{"name":"(anonymous_0)","decl":{"start":{"line":1,"column":24},"end":{"line":1,"column":25}},"loc":{"start":{"line":1,"column":39},"end":{"line":11,"column":1}},"line":1},"1":{"name":"(anonymous_1)","decl":{"start":{"line":3,"column":30},"end":{"line":3,"column":31}},"loc":{"start":{"line":3,"column":79},"end":{"line":9,"column":5}},"line":3}},"branchMap":{"0":{"loc":{"start":{"line":2,"column":2},"end":{"line":10,"column":3}},"type":"if","locations":[{"start":{"line":2,"column":2},"end":{"line":10,"column":3}},{"start":{},"end":{}}],"line":2},"1":{"loc":{"start":{"line":2,"column":6},"end":{"line":2,"column":52}},"type":"binary-expr","locations":[{"start":{"line":2,"column":6},"end":{"line":2,"column":17}},{"start":{"line":2,"column":21},"end":{"line":2,"column":52}}],"line":2}},"s":{"0":0,"1":0,"2":0,"3":0,"4":0,"5":0,"6":0,"7":0},"f":{"0":0,"1":0},"b":{"0":[0,0],"1":[0,0]}}
,"E:\\Desktop\\vaidya\\vaidyapanel\\src\\server.js": {"path":"E:\\Desktop\\vaidya\\vaidyapanel\\src\\server.js","statementMap":{"0":{"start":{"line":1,"column":22},"end":{"line":1,"column":63}},"1":{"start":{"line":2,"column":23},"end":{"line":2,"column":57}}},"fnMap":{},"branchMap":{},"s":{"0":0,"1":0},"f":{},"b":{}}
,"E:\\Desktop\\vaidya\\vaidyapanel\\src\\setupTests.js": {"path":"E:\\Desktop\\vaidya\\vaidyapanel\\src\\setupTests.js","statementMap":{},"fnMap":{},"branchMap":{},"s":{},"f":{},"b":{}}
,"E:\\Desktop\\vaidya\\vaidyapanel\\src\\Assests\\index.js": {"path":"E:\\Desktop\\vaidya\\vaidyapanel\\src\\Assests\\index.js","statementMap":{},"fnMap":{},"branchMap":{},"s":{},"f":{},"b":{}}
,"E:\\Desktop\\vaidya\\vaidyapanel\\src\\components\\UserOrderDetails.jsx": {"path":"E:\\Desktop\\vaidya\\vaidyapanel\\src\\components\\UserOrderDetails.jsx","statementMap":{"0":{"start":{"line":13,"column":25},"end":{"line":243,"column":1}},"1":{"start":{"line":14,"column":21},"end":{"line":14,"column":56}},"2":{"start":{"line":14,"column":44},"end":{"line":14,"column":55}},"3":{"start":{"line":15,"column":19},"end":{"line":15,"column":53}},"4":{"start":{"line":15,"column":42},"end":{"line":15,"column":52}},"5":{"start":{"line":16,"column":19},"end":{"line":16,"column":32}},"6":{"start":{"line":17,"column":26},"end":{"line":17,"column":41}},"7":{"start":{"line":18,"column":32},"end":{"line":18,"column":44}},"8":{"start":{"line":19,"column":42},"end":{"line":19,"column":56}},"9":{"start":{"line":20,"column":30},"end":{"line":20,"column":41}},"10":{"start":{"line":22,"column":17},"end":{"line":22,"column":28}},"11":{"start":{"line":24,"column":2},"end":{"line":26,"column":26}},"12":{"start":{"line":25,"column":4},"end":{"line":25,"column":43}},"13":{"start":{"line":28,"column":15},"end":{"line":28,"column":63}},"14":{"start":{"line":28,"column":47},"end":{"line":28,"column":62}},"15":{"start":{"line":30,"column":24},"end":{"line":53,"column":3}},"16":{"start":{"line":31,"column":4},"end":{"line":52,"column":9}},"17":{"start":{"line":44,"column":8},"end":{"line":44,"column":40}},"18":{"start":{"line":45,"column":8},"end":{"line":45,"column":47}},"19":{"start":{"line":46,"column":8},"end":{"line":46,"column":23}},"20":{"start":{"line":47,"column":8},"end":{"line":47,"column":24}},"21":{"start":{"line":48,"column":8},"end":{"line":48,"column":23}},"22":{"start":{"line":51,"column":8},"end":{"line":51,"column":27}},"23":{"start":{"line":55,"column":24},"end":{"line":64,"column":3}},"24":{"start":{"line":56,"column":4},"end":{"line":63,"column":6}},"25":{"start":{"line":59,"column":7},"end":{"line":59,"column":39}},"26":{"start":{"line":60,"column":4},"end":{"line":60,"column":43}},"27":{"start":{"line":62,"column":6},"end":{"line":62,"column":47}},"28":{"start":{"line":66,"column":2},"end":{"line":242,"column":4}},"29":{"start":{"line":89,"column":10},"end":{"line":111,"column":11}},"30":{"start":{"line":104,"column":31},"end":{"line":104,"column":69}},"31":{"start":{"line":121,"column":31},"end":{"line":121,"column":45}},"32":{"start":{"line":152,"column":16},"end":{"line":168,"column":17}},"33":{"start":{"line":158,"column":35},"end":{"line":158,"column":47}},"34":{"start":{"line":166,"column":35},"end":{"line":166,"column":47}},"35":{"start":{"line":185,"column":33},"end":{"line":185,"column":59}}},"fnMap":{"0":{"name":"(anonymous_0)","decl":{"start":{"line":13,"column":25},"end":{"line":13,"column":26}},"loc":{"start":{"line":13,"column":31},"end":{"line":243,"column":1}},"line":13},"1":{"name":"(anonymous_1)","decl":{"start":{"line":14,"column":33},"end":{"line":14,"column":34}},"loc":{"start":{"line":14,"column":44},"end":{"line":14,"column":55}},"line":14},"2":{"name":"(anonymous_2)","decl":{"start":{"line":15,"column":31},"end":{"line":15,"column":32}},"loc":{"start":{"line":15,"column":42},"end":{"line":15,"column":52}},"line":15},"3":{"name":"(anonymous_3)","decl":{"start":{"line":24,"column":12},"end":{"line":24,"column":13}},"loc":{"start":{"line":24,"column":18},"end":{"line":26,"column":3}},"line":24},"4":{"name":"(anonymous_4)","decl":{"start":{"line":28,"column":37},"end":{"line":28,"column":38}},"loc":{"start":{"line":28,"column":47},"end":{"line":28,"column":62}},"line":28},"5":{"name":"(anonymous_5)","decl":{"start":{"line":30,"column":24},"end":{"line":30,"column":25}},"loc":{"start":{"line":30,"column":37},"end":{"line":53,"column":3}},"line":30},"6":{"name":"(anonymous_6)","decl":{"start":{"line":43,"column":12},"end":{"line":43,"column":13}},"loc":{"start":{"line":43,"column":21},"end":{"line":49,"column":7}},"line":43},"7":{"name":"(anonymous_7)","decl":{"start":{"line":50,"column":13},"end":{"line":50,"column":14}},"loc":{"start":{"line":50,"column":24},"end":{"line":52,"column":7}},"line":50},"8":{"name":"(anonymous_8)","decl":{"start":{"line":55,"column":24},"end":{"line":55,"column":25}},"loc":{"start":{"line":55,"column":36},"end":{"line":64,"column":3}},"line":55},"9":{"name":"(anonymous_9)","decl":{"start":{"line":58,"column":12},"end":{"line":58,"column":13}},"loc":{"start":{"line":58,"column":21},"end":{"line":61,"column":5}},"line":58},"10":{"name":"(anonymous_10)","decl":{"start":{"line":61,"column":13},"end":{"line":61,"column":14}},"loc":{"start":{"line":61,"column":24},"end":{"line":63,"column":5}},"line":61},"11":{"name":"(anonymous_11)","decl":{"start":{"line":88,"column":23},"end":{"line":88,"column":24}},"loc":{"start":{"line":88,"column":40},"end":{"line":112,"column":10}},"line":88},"12":{"name":"(anonymous_12)","decl":{"start":{"line":104,"column":25},"end":{"line":104,"column":26}},"loc":{"start":{"line":104,"column":31},"end":{"line":104,"column":69}},"line":104},"13":{"name":"(anonymous_13)","decl":{"start":{"line":121,"column":25},"end":{"line":121,"column":26}},"loc":{"start":{"line":121,"column":31},"end":{"line":121,"column":45}},"line":121},"14":{"name":"(anonymous_14)","decl":{"start":{"line":151,"column":35},"end":{"line":151,"column":36}},"loc":{"start":{"line":152,"column":16},"end":{"line":168,"column":17}},"line":152},"15":{"name":"(anonymous_15)","decl":{"start":{"line":158,"column":29},"end":{"line":158,"column":30}},"loc":{"start":{"line":158,"column":35},"end":{"line":158,"column":47}},"line":158},"16":{"name":"(anonymous_16)","decl":{"start":{"line":166,"column":29},"end":{"line":166,"column":30}},"loc":{"start":{"line":166,"column":35},"end":{"line":166,"column":47}},"line":166},"17":{"name":"(anonymous_17)","decl":{"start":{"line":185,"column":26},"end":{"line":185,"column":27}},"loc":{"start":{"line":185,"column":33},"end":{"line":185,"column":59}},"line":185}},"branchMap":{"0":{"loc":{"start":{"line":28,"column":15},"end":{"line":28,"column":63}},"type":"binary-expr","locations":[{"start":{"line":28,"column":15},"end":{"line":28,"column":21}},{"start":{"line":28,"column":25},"end":{"line":28,"column":63}}],"line":28},"1":{"loc":{"start":{"line":87,"column":7},"end":{"line":112,"column":11}},"type":"binary-expr","locations":[{"start":{"line":87,"column":7},"end":{"line":87,"column":11}},{"start":{"line":88,"column":8},"end":{"line":112,"column":11}}],"line":87},"2":{"loc":{"start":{"line":102,"column":13},"end":{"line":109,"column":13}},"type":"cond-expr","locations":[{"start":{"line":102,"column":65},"end":{"line":107,"column":20}},{"start":{"line":108,"column":13},"end":{"line":108,"column":17}}],"line":102},"3":{"loc":{"start":{"line":102,"column":13},"end":{"line":102,"column":61}},"type":"binary-expr","locations":[{"start":{"line":102,"column":13},"end":{"line":102,"column":29}},{"start":{"line":102,"column":33},"end":{"line":102,"column":61}}],"line":102},"4":{"loc":{"start":{"line":104,"column":31},"end":{"line":104,"column":69}},"type":"binary-expr","locations":[{"start":{"line":104,"column":31},"end":{"line":104,"column":44}},{"start":{"line":104,"column":48},"end":{"line":104,"column":69}}],"line":104},"5":{"loc":{"start":{"line":115,"column":7},"end":{"line":198,"column":7}},"type":"binary-expr","locations":[{"start":{"line":115,"column":7},"end":{"line":115,"column":11}},{"start":{"line":116,"column":8},"end":{"line":197,"column":14}}],"line":115},"6":{"loc":{"start":{"line":152,"column":16},"end":{"line":168,"column":17}},"type":"cond-expr","locations":[{"start":{"line":153,"column":18},"end":{"line":159,"column":20}},{"start":{"line":161,"column":18},"end":{"line":167,"column":20}}],"line":152},"7":{"loc":{"start":{"line":192,"column":23},"end":{"line":192,"column":56}},"type":"cond-expr","locations":[{"start":{"line":192,"column":36},"end":{"line":192,"column":49}},{"start":{"line":192,"column":52},"end":{"line":192,"column":56}}],"line":192},"8":{"loc":{"start":{"line":223,"column":13},"end":{"line":223,"column":79}},"type":"cond-expr","locations":[{"start":{"line":223,"column":41},"end":{"line":223,"column":66}},{"start":{"line":223,"column":69},"end":{"line":223,"column":79}}],"line":223},"9":{"loc":{"start":{"line":227,"column":12},"end":{"line":231,"column":13}},"type":"binary-expr","locations":[{"start":{"line":227,"column":12},"end":{"line":227,"column":40}},{"start":{"line":228,"column":14},"end":{"line":230,"column":34}}],"line":227}},"s":{"0":0,"1":0,"2":0,"3":0,"4":0,"5":0,"6":0,"7":0,"8":0,"9":0,"10":0,"11":0,"12":0,"13":0,"14":0,"15":0,"16":0,"17":0,"18":0,"19":0,"20":0,"21":0,"22":0,"23":0,"24":0,"25":0,"26":0,"27":0,"28":0,"29":0,"30":0,"31":0,"32":0,"33":0,"34":0,"35":0},"f":{"0":0,"1":0,"2":0,"3":0,"4":0,"5":0,"6":0,"7":0,"8":0,"9":0,"10":0,"11":0,"12":0,"13":0,"14":0,"15":0,"16":0,"17":0},"b":{"0":[0,0],"1":[0,0],"2":[0,0],"3":[0,0],"4":[0,0],"5":[0,0],"6":[0,0],"7":[0,0],"8":[0,0],"9":[0,0]}}
,"E:\\Desktop\\vaidya\\vaidyapanel\\src\\components\\About\\About.jsx": {"path":"E:\\Desktop\\vaidya\\vaidyapanel\\src\\components\\About\\About.jsx","statementMap":{"0":{"start":{"line":4,"column":14},"end":{"line":89,"column":1}},"1":{"start":{"line":5,"column":2},"end":{"line":88,"column":4}}},"fnMap":{"0":{"name":"(anonymous_0)","decl":{"start":{"line":4,"column":14},"end":{"line":4,"column":15}},"loc":{"start":{"line":4,"column":20},"end":{"line":89,"column":1}},"line":4}},"branchMap":{},"s":{"0":0,"1":0},"f":{"0":0},"b":{}}
,"E:\\Desktop\\vaidya\\vaidyapanel\\src\\components\\About\\Facilities.jsx": {"path":"E:\\Desktop\\vaidya\\vaidyapanel\\src\\components\\About\\Facilities.jsx","statementMap":{"0":{"start":{"line":7,"column":19},"end":{"line":52,"column":1}},"1":{"start":{"line":8,"column":2},"end":{"line":51,"column":4}}},"fnMap":{"0":{"name":"(anonymous_0)","decl":{"start":{"line":7,"column":19},"end":{"line":7,"column":20}},"loc":{"start":{"line":7,"column":25},"end":{"line":52,"column":1}},"line":7}},"branchMap":{},"s":{"0":0,"1":0},"f":{"0":0},"b":{}}
,"E:\\Desktop\\vaidya\\vaidyapanel\\src\\components\\About\\StaffCard.jsx": {"path":"E:\\Desktop\\vaidya\\vaidyapanel\\src\\components\\About\\StaffCard.jsx","statementMap":{"0":{"start":{"line":11,"column":20},"end":{"line":17,"column":5}},"1":{"start":{"line":11,"column":51},"end":{"line":17,"column":3}},"2":{"start":{"line":20,"column":2},"end":{"line":44,"column":4}},"3":{"start":{"line":48,"column":18},"end":{"line":92,"column":3}},"4":{"start":{"line":94,"column":2},"end":{"line":107,"column":4}},"5":{"start":{"line":97,"column":8},"end":{"line":104,"column":10}}},"fnMap":{"0":{"name":"(anonymous_0)","decl":{"start":{"line":11,"column":35},"end":{"line":11,"column":36}},"loc":{"start":{"line":11,"column":51},"end":{"line":17,"column":3}},"line":11},"1":{"name":"DoctorCard","decl":{"start":{"line":19,"column":9},"end":{"line":19,"column":19}},"loc":{"start":{"line":19,"column":52},"end":{"line":45,"column":1}},"line":19},"2":{"name":"DoctorCards","decl":{"start":{"line":47,"column":24},"end":{"line":47,"column":35}},"loc":{"start":{"line":47,"column":38},"end":{"line":108,"column":1}},"line":47},"3":{"name":"(anonymous_3)","decl":{"start":{"line":96,"column":19},"end":{"line":96,"column":20}},"loc":{"start":{"line":97,"column":8},"end":{"line":104,"column":10}},"line":97}},"branchMap":{},"s":{"0":0,"1":0,"2":0,"3":0,"4":0,"5":0},"f":{"0":0,"1":0,"2":0,"3":0},"b":{}}
,"E:\\Desktop\\vaidya\\vaidyapanel\\src\\components\\About\\table.jsx": {"path":"E:\\Desktop\\vaidya\\vaidyapanel\\src\\components\\About\\table.jsx","statementMap":{"0":{"start":{"line":11,"column":2},"end":{"line":11,"column":60}},"1":{"start":{"line":14,"column":13},"end":{"line":21,"column":1}},"2":{"start":{"line":24,"column":2},"end":{"line":54,"column":4}},"3":{"start":{"line":38,"column":12},"end":{"line":49,"column":23}}},"fnMap":{"0":{"name":"createData","decl":{"start":{"line":10,"column":9},"end":{"line":10,"column":19}},"loc":{"start":{"line":10,"column":69},"end":{"line":12,"column":1}},"line":10},"1":{"name":"BasicTable","decl":{"start":{"line":23,"column":24},"end":{"line":23,"column":34}},"loc":{"start":{"line":23,"column":37},"end":{"line":55,"column":1}},"line":23},"2":{"name":"(anonymous_2)","decl":{"start":{"line":37,"column":20},"end":{"line":37,"column":21}},"loc":{"start":{"line":38,"column":12},"end":{"line":49,"column":23}},"line":38}},"branchMap":{},"s":{"0":0,"1":0,"2":0,"3":0},"f":{"0":0,"1":0,"2":0},"b":{}}
,"E:\\Desktop\\vaidya\\vaidyapanel\\src\\components\\Admin\\AdminDashboardMain.jsx": {"path":"E:\\Desktop\\vaidya\\vaidyapanel\\src\\components\\Admin\\AdminDashboardMain.jsx","statementMap":{"0":{"start":{"line":12,"column":27},"end":{"line":154,"column":1}},"1":{"start":{"line":13,"column":19},"end":{"line":13,"column":32}},"2":{"start":{"line":15,"column":44},"end":{"line":15,"column":79}},"3":{"start":{"line":15,"column":67},"end":{"line":15,"column":78}},"4":{"start":{"line":16,"column":22},"end":{"line":16,"column":58}},"5":{"start":{"line":16,"column":45},"end":{"line":16,"column":57}},"6":{"start":{"line":18,"column":2},"end":{"line":21,"column":9}},"7":{"start":{"line":19,"column":4},"end":{"line":19,"column":36}},"8":{"start":{"line":20,"column":4},"end":{"line":20,"column":30}},"9":{"start":{"line":23,"column":24},"end":{"line":23,"column":103}},"10":{"start":{"line":23,"column":72},"end":{"line":23,"column":99}},"11":{"start":{"line":26,"column":24},"end":{"line":26,"column":48}},"12":{"start":{"line":28,"column":18},"end":{"line":64,"column":3}},"13":{"start":{"line":37,"column":8},"end":{"line":39,"column":23}},"14":{"start":{"line":66,"column":14},"end":{"line":66,"column":16}},"15":{"start":{"line":67,"column":2},"end":{"line":76,"column":7}},"16":{"start":{"line":69,"column":6},"end":{"line":75,"column":9}},"17":{"start":{"line":71,"column":52},"end":{"line":71,"column":66}},"18":{"start":{"line":78,"column":2},"end":{"line":153,"column":4}}},"fnMap":{"0":{"name":"(anonymous_0)","decl":{"start":{"line":12,"column":27},"end":{"line":12,"column":28}},"loc":{"start":{"line":12,"column":33},"end":{"line":154,"column":1}},"line":12},"1":{"name":"(anonymous_1)","decl":{"start":{"line":15,"column":56},"end":{"line":15,"column":57}},"loc":{"start":{"line":15,"column":67},"end":{"line":15,"column":78}},"line":15},"2":{"name":"(anonymous_2)","decl":{"start":{"line":16,"column":34},"end":{"line":16,"column":35}},"loc":{"start":{"line":16,"column":45},"end":{"line":16,"column":57}},"line":16},"3":{"name":"(anonymous_3)","decl":{"start":{"line":18,"column":12},"end":{"line":18,"column":13}},"loc":{"start":{"line":18,"column":18},"end":{"line":21,"column":3}},"line":18},"4":{"name":"(anonymous_4)","decl":{"start":{"line":23,"column":58},"end":{"line":23,"column":59}},"loc":{"start":{"line":23,"column":72},"end":{"line":23,"column":99}},"line":23},"5":{"name":"(anonymous_5)","decl":{"start":{"line":36,"column":21},"end":{"line":36,"column":22}},"loc":{"start":{"line":36,"column":33},"end":{"line":40,"column":7}},"line":36},"6":{"name":"(anonymous_6)","decl":{"start":{"line":68,"column":22},"end":{"line":68,"column":23}},"loc":{"start":{"line":68,"column":32},"end":{"line":76,"column":5}},"line":68},"7":{"name":"(anonymous_7)","decl":{"start":{"line":71,"column":37},"end":{"line":71,"column":38}},"loc":{"start":{"line":71,"column":52},"end":{"line":71,"column":66}},"line":71}},"branchMap":{"0":{"loc":{"start":{"line":23,"column":24},"end":{"line":23,"column":103}},"type":"binary-expr","locations":[{"start":{"line":23,"column":24},"end":{"line":23,"column":35}},{"start":{"line":23,"column":39},"end":{"line":23,"column":103}}],"line":23},"1":{"loc":{"start":{"line":37,"column":15},"end":{"line":39,"column":22}},"type":"cond-expr","locations":[{"start":{"line":38,"column":12},"end":{"line":38,"column":24}},{"start":{"line":39,"column":12},"end":{"line":39,"column":22}}],"line":37},"2":{"loc":{"start":{"line":67,"column":2},"end":{"line":76,"column":6}},"type":"binary-expr","locations":[{"start":{"line":67,"column":2},"end":{"line":67,"column":13}},{"start":{"line":68,"column":2},"end":{"line":76,"column":6}}],"line":67},"3":{"loc":{"start":{"line":81,"column":6},"end":{"line":150,"column":7}},"type":"cond-expr","locations":[{"start":{"line":82,"column":8},"end":{"line":82,"column":18}},{"start":{"line":84,"column":8},"end":{"line":149,"column":12}}],"line":81},"4":{"loc":{"start":{"line":112,"column":67},"end":{"line":112,"column":92}},"type":"binary-expr","locations":[{"start":{"line":112,"column":67},"end":{"line":112,"column":74}},{"start":{"line":112,"column":78},"end":{"line":112,"column":92}}],"line":112},"5":{"loc":{"start":{"line":131,"column":67},"end":{"line":131,"column":100}},"type":"binary-expr","locations":[{"start":{"line":131,"column":67},"end":{"line":131,"column":78}},{"start":{"line":131,"column":82},"end":{"line":131,"column":100}}],"line":131}},"s":{"0":0,"1":0,"2":0,"3":0,"4":0,"5":0,"6":0,"7":0,"8":0,"9":0,"10":0,"11":0,"12":0,"13":0,"14":0,"15":0,"16":0,"17":0,"18":0},"f":{"0":0,"1":0,"2":0,"3":0,"4":0,"5":0,"6":0,"7":0},"b":{"0":[0,0],"1":[0,0],"2":[0,0],"3":[0,0],"4":[0,0],"5":[0,0]}}
,"E:\\Desktop\\vaidya\\vaidyapanel\\src\\components\\Admin\\AllBlogs.jsx": {"path":"E:\\Desktop\\vaidya\\vaidyapanel\\src\\components\\Admin\\AllBlogs.jsx","statementMap":{"0":{"start":{"line":11,"column":17},"end":{"line":99,"column":1}},"1":{"start":{"line":12,"column":32},"end":{"line":12,"column":44}},"2":{"start":{"line":13,"column":4},"end":{"line":17,"column":11}},"3":{"start":{"line":14,"column":5},"end":{"line":16,"column":7}},"4":{"start":{"line":15,"column":6},"end":{"line":15,"column":33}},"5":{"start":{"line":19,"column":20},"end":{"line":73,"column":5}},"6":{"start":{"line":62,"column":10},"end":{"line":70,"column":12}},"7":{"start":{"line":75,"column":16},"end":{"line":75,"column":18}},"8":{"start":{"line":77,"column":4},"end":{"line":86,"column":9}},"9":{"start":{"line":79,"column":8},"end":{"line":85,"column":11}},"10":{"start":{"line":88,"column":4},"end":{"line":98,"column":5}}},"fnMap":{"0":{"name":"(anonymous_0)","decl":{"start":{"line":11,"column":17},"end":{"line":11,"column":18}},"loc":{"start":{"line":11,"column":23},"end":{"line":99,"column":1}},"line":11},"1":{"name":"(anonymous_1)","decl":{"start":{"line":13,"column":14},"end":{"line":13,"column":15}},"loc":{"start":{"line":13,"column":20},"end":{"line":17,"column":5}},"line":13},"2":{"name":"(anonymous_2)","decl":{"start":{"line":14,"column":81},"end":{"line":14,"column":82}},"loc":{"start":{"line":14,"column":89},"end":{"line":16,"column":6}},"line":14},"3":{"name":"(anonymous_3)","decl":{"start":{"line":61,"column":20},"end":{"line":61,"column":21}},"loc":{"start":{"line":61,"column":32},"end":{"line":71,"column":9}},"line":61},"4":{"name":"(anonymous_4)","decl":{"start":{"line":78,"column":21},"end":{"line":78,"column":22}},"loc":{"start":{"line":78,"column":31},"end":{"line":86,"column":7}},"line":78}},"branchMap":{"0":{"loc":{"start":{"line":77,"column":4},"end":{"line":86,"column":8}},"type":"binary-expr","locations":[{"start":{"line":77,"column":4},"end":{"line":77,"column":10}},{"start":{"line":78,"column":6},"end":{"line":86,"column":8}}],"line":77}},"s":{"0":0,"1":0,"2":0,"3":0,"4":0,"5":0,"6":0,"7":0,"8":0,"9":0,"10":0},"f":{"0":0,"1":0,"2":0,"3":0,"4":0},"b":{"0":[0,0]}}
,"E:\\Desktop\\vaidya\\vaidyapanel\\src\\components\\Admin\\AllEvents.jsx": {"path":"E:\\Desktop\\vaidya\\vaidyapanel\\src\\components\\Admin\\AllEvents.jsx","statementMap":{"0":{"start":{"line":9,"column":18},"end":{"line":91,"column":1}},"1":{"start":{"line":10,"column":30},"end":{"line":10,"column":42}},"2":{"start":{"line":11,"column":2},"end":{"line":15,"column":9}},"3":{"start":{"line":12,"column":3},"end":{"line":14,"column":5}},"4":{"start":{"line":13,"column":4},"end":{"line":13,"column":31}},"5":{"start":{"line":17,"column":18},"end":{"line":65,"column":3}},"6":{"start":{"line":54,"column":8},"end":{"line":62,"column":10}},"7":{"start":{"line":67,"column":14},"end":{"line":67,"column":16}},"8":{"start":{"line":69,"column":2},"end":{"line":78,"column":7}},"9":{"start":{"line":71,"column":6},"end":{"line":77,"column":9}},"10":{"start":{"line":80,"column":2},"end":{"line":90,"column":4}}},"fnMap":{"0":{"name":"(anonymous_0)","decl":{"start":{"line":9,"column":18},"end":{"line":9,"column":19}},"loc":{"start":{"line":9,"column":24},"end":{"line":91,"column":1}},"line":9},"1":{"name":"(anonymous_1)","decl":{"start":{"line":11,"column":12},"end":{"line":11,"column":13}},"loc":{"start":{"line":11,"column":18},"end":{"line":15,"column":3}},"line":11},"2":{"name":"(anonymous_2)","decl":{"start":{"line":12,"column":79},"end":{"line":12,"column":80}},"loc":{"start":{"line":12,"column":87},"end":{"line":14,"column":4}},"line":12},"3":{"name":"(anonymous_3)","decl":{"start":{"line":53,"column":18},"end":{"line":53,"column":19}},"loc":{"start":{"line":53,"column":30},"end":{"line":63,"column":7}},"line":53},"4":{"name":"(anonymous_4)","decl":{"start":{"line":70,"column":19},"end":{"line":70,"column":20}},"loc":{"start":{"line":70,"column":29},"end":{"line":78,"column":5}},"line":70}},"branchMap":{"0":{"loc":{"start":{"line":69,"column":2},"end":{"line":78,"column":6}},"type":"binary-expr","locations":[{"start":{"line":69,"column":2},"end":{"line":69,"column":8}},{"start":{"line":70,"column":4},"end":{"line":78,"column":6}}],"line":69}},"s":{"0":0,"1":0,"2":0,"3":0,"4":0,"5":0,"6":0,"7":0,"8":0,"9":0,"10":0},"f":{"0":0,"1":0,"2":0,"3":0,"4":0},"b":{"0":[0,0]}}
,"E:\\Desktop\\vaidya\\vaidyapanel\\src\\components\\Admin\\AllProducts.jsx": {"path":"E:\\Desktop\\vaidya\\vaidyapanel\\src\\components\\Admin\\AllProducts.jsx","statementMap":{"0":{"start":{"line":14,"column":20},"end":{"line":99,"column":1}},"1":{"start":{"line":15,"column":26},"end":{"line":15,"column":38}},"2":{"start":{"line":17,"column":2},"end":{"line":21,"column":9}},"3":{"start":{"line":18,"column":4},"end":{"line":20,"column":6}},"4":{"start":{"line":19,"column":8},"end":{"line":19,"column":35}},"5":{"start":{"line":23,"column":18},"end":{"line":71,"column":3}},"6":{"start":{"line":60,"column":8},"end":{"line":68,"column":10}},"7":{"start":{"line":73,"column":14},"end":{"line":73,"column":16}},"8":{"start":{"line":75,"column":2},"end":{"line":84,"column":7}},"9":{"start":{"line":77,"column":6},"end":{"line":83,"column":9}},"10":{"start":{"line":86,"column":2},"end":{"line":98,"column":4}}},"fnMap":{"0":{"name":"(anonymous_0)","decl":{"start":{"line":14,"column":20},"end":{"line":14,"column":21}},"loc":{"start":{"line":14,"column":26},"end":{"line":99,"column":1}},"line":14},"1":{"name":"(anonymous_1)","decl":{"start":{"line":17,"column":12},"end":{"line":17,"column":13}},"loc":{"start":{"line":17,"column":18},"end":{"line":21,"column":3}},"line":17},"2":{"name":"(anonymous_2)","decl":{"start":{"line":18,"column":84},"end":{"line":18,"column":85}},"loc":{"start":{"line":18,"column":93},"end":{"line":20,"column":5}},"line":18},"3":{"name":"(anonymous_3)","decl":{"start":{"line":59,"column":18},"end":{"line":59,"column":19}},"loc":{"start":{"line":59,"column":30},"end":{"line":69,"column":7}},"line":59},"4":{"name":"(anonymous_4)","decl":{"start":{"line":76,"column":15},"end":{"line":76,"column":16}},"loc":{"start":{"line":76,"column":25},"end":{"line":84,"column":5}},"line":76}},"branchMap":{"0":{"loc":{"start":{"line":75,"column":2},"end":{"line":84,"column":6}},"type":"binary-expr","locations":[{"start":{"line":75,"column":2},"end":{"line":75,"column":6}},{"start":{"line":76,"column":2},"end":{"line":84,"column":6}}],"line":75}},"s":{"0":0,"1":0,"2":0,"3":0,"4":0,"5":0,"6":0,"7":0,"8":0,"9":0,"10":0},"f":{"0":0,"1":0,"2":0,"3":0,"4":0},"b":{"0":[0,0]}}
,"E:\\Desktop\\vaidya\\vaidyapanel\\src\\components\\Admin\\AllSellers.jsx": {"path":"E:\\Desktop\\vaidya\\vaidyapanel\\src\\components\\Admin\\AllSellers.jsx","statementMap":{"0":{"start":{"line":14,"column":19},"end":{"line":157,"column":1}},"1":{"start":{"line":15,"column":19},"end":{"line":15,"column":32}},"2":{"start":{"line":16,"column":22},"end":{"line":16,"column":58}},"3":{"start":{"line":16,"column":45},"end":{"line":16,"column":57}},"4":{"start":{"line":17,"column":26},"end":{"line":17,"column":41}},"5":{"start":{"line":18,"column":30},"end":{"line":18,"column":42}},"6":{"start":{"line":20,"column":2},"end":{"line":22,"column":17}},"7":{"start":{"line":21,"column":4},"end":{"line":21,"column":30}},"8":{"start":{"line":24,"column":23},"end":{"line":32,"column":3}},"9":{"start":{"line":25,"column":4},"end":{"line":29,"column":7}},"10":{"start":{"line":28,"column":6},"end":{"line":28,"column":38}},"11":{"start":{"line":31,"column":2},"end":{"line":31,"column":28}},"12":{"start":{"line":34,"column":18},"end":{"line":101,"column":3}},"13":{"start":{"line":73,"column":10},"end":{"line":81,"column":12}},"14":{"start":{"line":92,"column":8},"end":{"line":98,"column":10}},"15":{"start":{"line":94,"column":35},"end":{"line":94,"column":72}},"16":{"start":{"line":103,"column":14},"end":{"line":103,"column":16}},"17":{"start":{"line":104,"column":2},"end":{"line":113,"column":7}},"18":{"start":{"line":106,"column":6},"end":{"line":112,"column":9}},"19":{"start":{"line":115,"column":2},"end":{"line":156,"column":4}},"20":{"start":{"line":132,"column":51},"end":{"line":132,"column":65}},"21":{"start":{"line":140,"column":33},"end":{"line":140,"column":47}},"22":{"start":{"line":146,"column":34},"end":{"line":146,"column":72}}},"fnMap":{"0":{"name":"(anonymous_0)","decl":{"start":{"line":14,"column":19},"end":{"line":14,"column":20}},"loc":{"start":{"line":14,"column":25},"end":{"line":157,"column":1}},"line":14},"1":{"name":"(anonymous_1)","decl":{"start":{"line":16,"column":34},"end":{"line":16,"column":35}},"loc":{"start":{"line":16,"column":45},"end":{"line":16,"column":57}},"line":16},"2":{"name":"(anonymous_2)","decl":{"start":{"line":20,"column":12},"end":{"line":20,"column":13}},"loc":{"start":{"line":20,"column":18},"end":{"line":22,"column":3}},"line":20},"3":{"name":"(anonymous_3)","decl":{"start":{"line":24,"column":23},"end":{"line":24,"column":24}},"loc":{"start":{"line":24,"column":37},"end":{"line":32,"column":3}},"line":24},"4":{"name":"(anonymous_4)","decl":{"start":{"line":27,"column":10},"end":{"line":27,"column":11}},"loc":{"start":{"line":27,"column":19},"end":{"line":29,"column":5}},"line":27},"5":{"name":"(anonymous_5)","decl":{"start":{"line":72,"column":20},"end":{"line":72,"column":21}},"loc":{"start":{"line":72,"column":32},"end":{"line":82,"column":9}},"line":72},"6":{"name":"(anonymous_6)","decl":{"start":{"line":91,"column":18},"end":{"line":91,"column":19}},"loc":{"start":{"line":91,"column":30},"end":{"line":99,"column":7}},"line":91},"7":{"name":"(anonymous_7)","decl":{"start":{"line":94,"column":29},"end":{"line":94,"column":30}},"loc":{"start":{"line":94,"column":35},"end":{"line":94,"column":72}},"line":94},"8":{"name":"(anonymous_8)","decl":{"start":{"line":105,"column":18},"end":{"line":105,"column":19}},"loc":{"start":{"line":105,"column":28},"end":{"line":113,"column":5}},"line":105},"9":{"name":"(anonymous_9)","decl":{"start":{"line":132,"column":45},"end":{"line":132,"column":46}},"loc":{"start":{"line":132,"column":51},"end":{"line":132,"column":65}},"line":132},"10":{"name":"(anonymous_10)","decl":{"start":{"line":140,"column":27},"end":{"line":140,"column":28}},"loc":{"start":{"line":140,"column":33},"end":{"line":140,"column":47}},"line":140},"11":{"name":"(anonymous_11)","decl":{"start":{"line":146,"column":27},"end":{"line":146,"column":28}},"loc":{"start":{"line":146,"column":34},"end":{"line":146,"column":72}},"line":146}},"branchMap":{"0":{"loc":{"start":{"line":94,"column":35},"end":{"line":94,"column":72}},"type":"binary-expr","locations":[{"start":{"line":94,"column":35},"end":{"line":94,"column":55}},{"start":{"line":94,"column":59},"end":{"line":94,"column":72}}],"line":94},"1":{"loc":{"start":{"line":104,"column":2},"end":{"line":113,"column":6}},"type":"binary-expr","locations":[{"start":{"line":104,"column":2},"end":{"line":104,"column":9}},{"start":{"line":105,"column":2},"end":{"line":113,"column":6}}],"line":104},"2":{"loc":{"start":{"line":128,"column":9},"end":{"line":153,"column":9}},"type":"binary-expr","locations":[{"start":{"line":128,"column":9},"end":{"line":128,"column":13}},{"start":{"line":129,"column":10},"end":{"line":152,"column":16}}],"line":128},"3":{"loc":{"start":{"line":146,"column":34},"end":{"line":146,"column":72}},"type":"binary-expr","locations":[{"start":{"line":146,"column":34},"end":{"line":146,"column":48}},{"start":{"line":146,"column":52},"end":{"line":146,"column":72}}],"line":146}},"s":{"0":0,"1":0,"2":0,"3":0,"4":0,"5":0,"6":0,"7":0,"8":0,"9":0,"10":0,"11":0,"12":0,"13":0,"14":0,"15":0,"16":0,"17":0,"18":0,"19":0,"20":0,"21":0,"22":0},"f":{"0":0,"1":0,"2":0,"3":0,"4":0,"5":0,"6":0,"7":0,"8":0,"9":0,"10":0,"11":0},"b":{"0":[0,0],"1":[0,0],"2":[0,0],"3":[0,0]}}
,"E:\\Desktop\\vaidya\\vaidyapanel\\src\\components\\Admin\\AllUsers.jsx": {"path":"E:\\Desktop\\vaidya\\vaidyapanel\\src\\components\\Admin\\AllUsers.jsx","statementMap":{"0":{"start":{"line":14,"column":17},"end":{"line":139,"column":1}},"1":{"start":{"line":15,"column":19},"end":{"line":15,"column":32}},"2":{"start":{"line":16,"column":20},"end":{"line":16,"column":54}},"3":{"start":{"line":16,"column":43},"end":{"line":16,"column":53}},"4":{"start":{"line":17,"column":26},"end":{"line":17,"column":41}},"5":{"start":{"line":18,"column":30},"end":{"line":18,"column":42}},"6":{"start":{"line":20,"column":2},"end":{"line":22,"column":17}},"7":{"start":{"line":21,"column":4},"end":{"line":21,"column":28}},"8":{"start":{"line":24,"column":23},"end":{"line":32,"column":3}},"9":{"start":{"line":25,"column":4},"end":{"line":29,"column":7}},"10":{"start":{"line":28,"column":6},"end":{"line":28,"column":38}},"11":{"start":{"line":31,"column":2},"end":{"line":31,"column":26}},"12":{"start":{"line":34,"column":18},"end":{"line":83,"column":3}},"13":{"start":{"line":74,"column":8},"end":{"line":80,"column":10}},"14":{"start":{"line":76,"column":35},"end":{"line":76,"column":72}},"15":{"start":{"line":85,"column":14},"end":{"line":85,"column":16}},"16":{"start":{"line":86,"column":2},"end":{"line":95,"column":7}},"17":{"start":{"line":88,"column":6},"end":{"line":94,"column":9}},"18":{"start":{"line":97,"column":2},"end":{"line":138,"column":4}},"19":{"start":{"line":114,"column":51},"end":{"line":114,"column":65}},"20":{"start":{"line":122,"column":33},"end":{"line":122,"column":47}},"21":{"start":{"line":128,"column":34},"end":{"line":128,"column":72}}},"fnMap":{"0":{"name":"(anonymous_0)","decl":{"start":{"line":14,"column":17},"end":{"line":14,"column":18}},"loc":{"start":{"line":14,"column":23},"end":{"line":139,"column":1}},"line":14},"1":{"name":"(anonymous_1)","decl":{"start":{"line":16,"column":32},"end":{"line":16,"column":33}},"loc":{"start":{"line":16,"column":43},"end":{"line":16,"column":53}},"line":16},"2":{"name":"(anonymous_2)","decl":{"start":{"line":20,"column":12},"end":{"line":20,"column":13}},"loc":{"start":{"line":20,"column":18},"end":{"line":22,"column":3}},"line":20},"3":{"name":"(anonymous_3)","decl":{"start":{"line":24,"column":23},"end":{"line":24,"column":24}},"loc":{"start":{"line":24,"column":37},"end":{"line":32,"column":3}},"line":24},"4":{"name":"(anonymous_4)","decl":{"start":{"line":27,"column":10},"end":{"line":27,"column":11}},"loc":{"start":{"line":27,"column":19},"end":{"line":29,"column":5}},"line":27},"5":{"name":"(anonymous_5)","decl":{"start":{"line":73,"column":18},"end":{"line":73,"column":19}},"loc":{"start":{"line":73,"column":30},"end":{"line":81,"column":7}},"line":73},"6":{"name":"(anonymous_6)","decl":{"start":{"line":76,"column":29},"end":{"line":76,"column":30}},"loc":{"start":{"line":76,"column":35},"end":{"line":76,"column":72}},"line":76},"7":{"name":"(anonymous_7)","decl":{"start":{"line":87,"column":18},"end":{"line":87,"column":19}},"loc":{"start":{"line":87,"column":28},"end":{"line":95,"column":5}},"line":87},"8":{"name":"(anonymous_8)","decl":{"start":{"line":114,"column":45},"end":{"line":114,"column":46}},"loc":{"start":{"line":114,"column":51},"end":{"line":114,"column":65}},"line":114},"9":{"name":"(anonymous_9)","decl":{"start":{"line":122,"column":27},"end":{"line":122,"column":28}},"loc":{"start":{"line":122,"column":33},"end":{"line":122,"column":47}},"line":122},"10":{"name":"(anonymous_10)","decl":{"start":{"line":128,"column":27},"end":{"line":128,"column":28}},"loc":{"start":{"line":128,"column":34},"end":{"line":128,"column":72}},"line":128}},"branchMap":{"0":{"loc":{"start":{"line":76,"column":35},"end":{"line":76,"column":72}},"type":"binary-expr","locations":[{"start":{"line":76,"column":35},"end":{"line":76,"column":55}},{"start":{"line":76,"column":59},"end":{"line":76,"column":72}}],"line":76},"1":{"loc":{"start":{"line":86,"column":2},"end":{"line":95,"column":6}},"type":"binary-expr","locations":[{"start":{"line":86,"column":2},"end":{"line":86,"column":7}},{"start":{"line":87,"column":4},"end":{"line":95,"column":6}}],"line":86},"2":{"loc":{"start":{"line":110,"column":9},"end":{"line":135,"column":9}},"type":"binary-expr","locations":[{"start":{"line":110,"column":9},"end":{"line":110,"column":13}},{"start":{"line":111,"column":10},"end":{"line":134,"column":16}}],"line":110},"3":{"loc":{"start":{"line":128,"column":34},"end":{"line":128,"column":72}},"type":"binary-expr","locations":[{"start":{"line":128,"column":34},"end":{"line":128,"column":48}},{"start":{"line":128,"column":52},"end":{"line":128,"column":72}}],"line":128}},"s":{"0":0,"1":0,"2":0,"3":0,"4":0,"5":0,"6":0,"7":0,"8":0,"9":0,"10":0,"11":0,"12":0,"13":0,"14":0,"15":0,"16":0,"17":0,"18":0,"19":0,"20":0,"21":0},"f":{"0":0,"1":0,"2":0,"3":0,"4":0,"5":0,"6":0,"7":0,"8":0,"9":0,"10":0},"b":{"0":[0,0],"1":[0,0],"2":[0,0],"3":[0,0]}}
,"E:\\Desktop\\vaidya\\vaidyapanel\\src\\components\\Admin\\AllWithdraw.jsx": {"path":"E:\\Desktop\\vaidya\\vaidyapanel\\src\\components\\Admin\\AllWithdraw.jsx","statementMap":{"0":{"start":{"line":11,"column":20},"end":{"line":150,"column":1}},"1":{"start":{"line":12,"column":26},"end":{"line":12,"column":38}},"2":{"start":{"line":13,"column":26},"end":{"line":13,"column":41}},"3":{"start":{"line":14,"column":42},"end":{"line":14,"column":52}},"4":{"start":{"line":15,"column":45},"end":{"line":15,"column":67}},"5":{"start":{"line":17,"column":2},"end":{"line":28,"column":9}},"6":{"start":{"line":18,"column":4},"end":{"line":27,"column":9}},"7":{"start":{"line":23,"column":8},"end":{"line":23,"column":36}},"8":{"start":{"line":26,"column":8},"end":{"line":26,"column":49}},"9":{"start":{"line":30,"column":18},"end":{"line":81,"column":3}},"10":{"start":{"line":72,"column":8},"end":{"line":78,"column":10}},"11":{"start":{"line":76,"column":27},"end":{"line":76,"column":71}},"12":{"start":{"line":83,"column":23},"end":{"line":93,"column":3}},"13":{"start":{"line":84,"column":4},"end":{"line":92,"column":9}},"14":{"start":{"line":89,"column":8},"end":{"line":89,"column":64}},"15":{"start":{"line":90,"column":8},"end":{"line":90,"column":36}},"16":{"start":{"line":91,"column":8},"end":{"line":91,"column":23}},"17":{"start":{"line":95,"column":14},"end":{"line":95,"column":16}},"18":{"start":{"line":97,"column":2},"end":{"line":107,"column":7}},"19":{"start":{"line":99,"column":6},"end":{"line":106,"column":9}},"20":{"start":{"line":108,"column":2},"end":{"line":149,"column":4}},"21":{"start":{"line":123,"column":49},"end":{"line":123,"column":63}},"22":{"start":{"line":132,"column":31},"end":{"line":132,"column":64}}},"fnMap":{"0":{"name":"(anonymous_0)","decl":{"start":{"line":11,"column":20},"end":{"line":11,"column":21}},"loc":{"start":{"line":11,"column":26},"end":{"line":150,"column":1}},"line":11},"1":{"name":"(anonymous_1)","decl":{"start":{"line":17,"column":12},"end":{"line":17,"column":13}},"loc":{"start":{"line":17,"column":18},"end":{"line":28,"column":3}},"line":17},"2":{"name":"(anonymous_2)","decl":{"start":{"line":22,"column":12},"end":{"line":22,"column":13}},"loc":{"start":{"line":22,"column":21},"end":{"line":24,"column":7}},"line":22},"3":{"name":"(anonymous_3)","decl":{"start":{"line":25,"column":13},"end":{"line":25,"column":14}},"loc":{"start":{"line":25,"column":24},"end":{"line":27,"column":7}},"line":25},"4":{"name":"(anonymous_4)","decl":{"start":{"line":70,"column":18},"end":{"line":70,"column":19}},"loc":{"start":{"line":70,"column":30},"end":{"line":79,"column":7}},"line":70},"5":{"name":"(anonymous_5)","decl":{"start":{"line":76,"column":21},"end":{"line":76,"column":22}},"loc":{"start":{"line":76,"column":27},"end":{"line":76,"column":71}},"line":76},"6":{"name":"(anonymous_6)","decl":{"start":{"line":83,"column":23},"end":{"line":83,"column":24}},"loc":{"start":{"line":83,"column":35},"end":{"line":93,"column":3}},"line":83},"7":{"name":"(anonymous_7)","decl":{"start":{"line":88,"column":12},"end":{"line":88,"column":13}},"loc":{"start":{"line":88,"column":21},"end":{"line":92,"column":7}},"line":88},"8":{"name":"(anonymous_8)","decl":{"start":{"line":98,"column":17},"end":{"line":98,"column":18}},"loc":{"start":{"line":98,"column":27},"end":{"line":107,"column":5}},"line":98},"9":{"name":"(anonymous_9)","decl":{"start":{"line":123,"column":43},"end":{"line":123,"column":44}},"loc":{"start":{"line":123,"column":49},"end":{"line":123,"column":63}},"line":123},"10":{"name":"(anonymous_10)","decl":{"start":{"line":132,"column":24},"end":{"line":132,"column":25}},"loc":{"start":{"line":132,"column":31},"end":{"line":132,"column":64}},"line":132}},"branchMap":{"0":{"loc":{"start":{"line":75,"column":26},"end":{"line":75,"column":76}},"type":"cond-expr","locations":[{"start":{"line":75,"column":63},"end":{"line":75,"column":71}},{"start":{"line":75,"column":74},"end":{"line":75,"column":76}}],"line":75},"1":{"loc":{"start":{"line":76,"column":27},"end":{"line":76,"column":71}},"type":"binary-expr","locations":[{"start":{"line":76,"column":27},"end":{"line":76,"column":40}},{"start":{"line":76,"column":44},"end":{"line":76,"column":71}}],"line":76},"2":{"loc":{"start":{"line":97,"column":2},"end":{"line":107,"column":6}},"type":"binary-expr","locations":[{"start":{"line":97,"column":2},"end":{"line":97,"column":6}},{"start":{"line":98,"column":4},"end":{"line":107,"column":6}}],"line":97},"3":{"loc":{"start":{"line":119,"column":7},"end":{"line":147,"column":7}},"type":"binary-expr","locations":[{"start":{"line":119,"column":7},"end":{"line":119,"column":11}},{"start":{"line":120,"column":8},"end":{"line":146,"column":14}}],"line":119}},"s":{"0":0,"1":0,"2":0,"3":0,"4":0,"5":0,"6":0,"7":0,"8":0,"9":0,"10":0,"11":0,"12":0,"13":0,"14":0,"15":0,"16":0,"17":0,"18":0,"19":0,"20":0,"21":0,"22":0},"f":{"0":0,"1":0,"2":0,"3":0,"4":0,"5":0,"6":0,"7":0,"8":0,"9":0,"10":0},"b":{"0":[0,0],"1":[0,0],"2":[0,0],"3":[0,0]}}
,"E:\\Desktop\\vaidya\\vaidyapanel\\src\\components\\Admin\\Layout\\AdminSideBar.jsx": {"path":"E:\\Desktop\\vaidya\\vaidyapanel\\src\\components\\Admin\\Layout\\AdminSideBar.jsx","statementMap":{"0":{"start":{"line":13,"column":21},"end":{"line":170,"column":1}},"1":{"start":{"line":14,"column":2},"end":{"line":169,"column":4}}},"fnMap":{"0":{"name":"(anonymous_0)","decl":{"start":{"line":13,"column":21},"end":{"line":13,"column":22}},"loc":{"start":{"line":13,"column":37},"end":{"line":170,"column":1}},"line":13}},"branchMap":{"0":{"loc":{"start":{"line":21,"column":22},"end":{"line":21,"column":55}},"type":"cond-expr","locations":[{"start":{"line":21,"column":37},"end":{"line":21,"column":46}},{"start":{"line":21,"column":49},"end":{"line":21,"column":55}}],"line":21},"1":{"loc":{"start":{"line":25,"column":14},"end":{"line":25,"column":61}},"type":"cond-expr","locations":[{"start":{"line":25,"column":29},"end":{"line":25,"column":45}},{"start":{"line":25,"column":48},"end":{"line":25,"column":61}}],"line":25},"2":{"loc":{"start":{"line":37,"column":22},"end":{"line":37,"column":55}},"type":"cond-expr","locations":[{"start":{"line":37,"column":37},"end":{"line":37,"column":46}},{"start":{"line":37,"column":49},"end":{"line":37,"column":55}}],"line":37},"3":{"loc":{"start":{"line":41,"column":14},"end":{"line":41,"column":61}},"type":"cond-expr","locations":[{"start":{"line":41,"column":29},"end":{"line":41,"column":45}},{"start":{"line":41,"column":48},"end":{"line":41,"column":61}}],"line":41},"4":{"loc":{"start":{"line":53,"column":22},"end":{"line":53,"column":55}},"type":"cond-expr","locations":[{"start":{"line":53,"column":37},"end":{"line":53,"column":46}},{"start":{"line":53,"column":49},"end":{"line":53,"column":55}}],"line":53},"5":{"loc":{"start":{"line":57,"column":14},"end":{"line":57,"column":61}},"type":"cond-expr","locations":[{"start":{"line":57,"column":29},"end":{"line":57,"column":45}},{"start":{"line":57,"column":48},"end":{"line":57,"column":61}}],"line":57},"6":{"loc":{"start":{"line":69,"column":22},"end":{"line":69,"column":55}},"type":"cond-expr","locations":[{"start":{"line":69,"column":37},"end":{"line":69,"column":46}},{"start":{"line":69,"column":49},"end":{"line":69,"column":55}}],"line":69},"7":{"loc":{"start":{"line":73,"column":14},"end":{"line":73,"column":61}},"type":"cond-expr","locations":[{"start":{"line":73,"column":29},"end":{"line":73,"column":45}},{"start":{"line":73,"column":48},"end":{"line":73,"column":61}}],"line":73},"8":{"loc":{"start":{"line":85,"column":22},"end":{"line":85,"column":55}},"type":"cond-expr","locations":[{"start":{"line":85,"column":37},"end":{"line":85,"column":46}},{"start":{"line":85,"column":49},"end":{"line":85,"column":55}}],"line":85},"9":{"loc":{"start":{"line":89,"column":14},"end":{"line":89,"column":61}},"type":"cond-expr","locations":[{"start":{"line":89,"column":29},"end":{"line":89,"column":45}},{"start":{"line":89,"column":48},"end":{"line":89,"column":61}}],"line":89},"10":{"loc":{"start":{"line":101,"column":22},"end":{"line":101,"column":55}},"type":"cond-expr","locations":[{"start":{"line":101,"column":37},"end":{"line":101,"column":46}},{"start":{"line":101,"column":49},"end":{"line":101,"column":55}}],"line":101},"11":{"loc":{"start":{"line":105,"column":14},"end":{"line":105,"column":61}},"type":"cond-expr","locations":[{"start":{"line":105,"column":29},"end":{"line":105,"column":45}},{"start":{"line":105,"column":48},"end":{"line":105,"column":61}}],"line":105},"12":{"loc":{"start":{"line":122,"column":22},"end":{"line":122,"column":55}},"type":"cond-expr","locations":[{"start":{"line":122,"column":37},"end":{"line":122,"column":46}},{"start":{"line":122,"column":49},"end":{"line":122,"column":55}}],"line":122},"13":{"loc":{"start":{"line":126,"column":14},"end":{"line":126,"column":61}},"type":"cond-expr","locations":[{"start":{"line":126,"column":29},"end":{"line":126,"column":45}},{"start":{"line":126,"column":48},"end":{"line":126,"column":61}}],"line":126},"14":{"loc":{"start":{"line":141,"column":22},"end":{"line":141,"column":55}},"type":"cond-expr","locations":[{"start":{"line":141,"column":37},"end":{"line":141,"column":46}},{"start":{"line":141,"column":49},"end":{"line":141,"column":55}}],"line":141},"15":{"loc":{"start":{"line":145,"column":14},"end":{"line":145,"column":61}},"type":"cond-expr","locations":[{"start":{"line":145,"column":29},"end":{"line":145,"column":45}},{"start":{"line":145,"column":48},"end":{"line":145,"column":61}}],"line":145},"16":{"loc":{"start":{"line":156,"column":22},"end":{"line":156,"column":55}},"type":"cond-expr","locations":[{"start":{"line":156,"column":37},"end":{"line":156,"column":46}},{"start":{"line":156,"column":49},"end":{"line":156,"column":55}}],"line":156},"17":{"loc":{"start":{"line":160,"column":14},"end":{"line":160,"column":61}},"type":"cond-expr","locations":[{"start":{"line":160,"column":29},"end":{"line":160,"column":45}},{"start":{"line":160,"column":48},"end":{"line":160,"column":61}}],"line":160}},"s":{"0":0,"1":0},"f":{"0":0},"b":{"0":[0,0],"1":[0,0],"2":[0,0],"3":[0,0],"4":[0,0],"5":[0,0],"6":[0,0],"7":[0,0],"8":[0,0],"9":[0,0],"10":[0,0],"11":[0,0],"12":[0,0],"13":[0,0],"14":[0,0],"15":[0,0],"16":[0,0],"17":[0,0]}}
,"E:\\Desktop\\vaidya\\vaidyapanel\\src\\components\\Appointement\\Appointment.jsx": {"path":"E:\\Desktop\\vaidya\\vaidyapanel\\src\\components\\Appointement\\Appointment.jsx","statementMap":{"0":{"start":{"line":35,"column":42},"end":{"line":35,"column":56}},"1":{"start":{"line":36,"column":36},"end":{"line":36,"column":51}},"2":{"start":{"line":37,"column":42},"end":{"line":37,"column":57}},"3":{"start":{"line":38,"column":42},"end":{"line":38,"column":62}},"4":{"start":{"line":40,"column":44},"end":{"line":40,"column":70}},"5":{"start":{"line":41,"column":22},"end":{"line":41,"column":23}},"6":{"start":{"line":42,"column":27},"end":{"line":44,"column":3}},"7":{"start":{"line":45,"column":26},"end":{"line":45,"column":52}},"8":{"start":{"line":46,"column":20},"end":{"line":46,"column":73}},"9":{"start":{"line":47,"column":18},"end":{"line":47,"column":49}},"10":{"start":{"line":48,"column":20},"end":{"line":48,"column":39}},"11":{"start":{"line":49,"column":46},"end":{"line":49,"column":58}},"12":{"start":{"line":50,"column":40},"end":{"line":50,"column":50}},"13":{"start":{"line":51,"column":19},"end":{"line":51,"column":32}},"14":{"start":{"line":52,"column":43},"end":{"line":52,"column":53}},"15":{"start":{"line":53,"column":37},"end":{"line":53,"column":47}},"16":{"start":{"line":54,"column":42},"end":{"line":54,"column":76}},"17":{"start":{"line":54,"column":65},"end":{"line":54,"column":75}},"18":{"start":{"line":59,"column":6},"end":{"line":59,"column":47}},"19":{"start":{"line":59,"column":29},"end":{"line":59,"column":46}},"20":{"start":{"line":64,"column":6},"end":{"line":64,"column":44}},"21":{"start":{"line":64,"column":29},"end":{"line":64,"column":43}},"22":{"start":{"line":65,"column":2},"end":{"line":84,"column":31}},"23":{"start":{"line":69,"column":4},"end":{"line":69,"column":32}},"24":{"start":{"line":70,"column":4},"end":{"line":70,"column":30}},"25":{"start":{"line":71,"column":4},"end":{"line":74,"column":5}},"26":{"start":{"line":72,"column":6},"end":{"line":72,"column":25}},"27":{"start":{"line":73,"column":6},"end":{"line":73,"column":40}},"28":{"start":{"line":75,"column":4},"end":{"line":78,"column":5}},"29":{"start":{"line":76,"column":6},"end":{"line":76,"column":25}},"30":{"start":{"line":77,"column":6},"end":{"line":77,"column":40}},"31":{"start":{"line":80,"column":4},"end":{"line":83,"column":5}},"32":{"start":{"line":81,"column":6},"end":{"line":81,"column":25}},"33":{"start":{"line":82,"column":6},"end":{"line":82,"column":40}},"34":{"start":{"line":85,"column":2},"end":{"line":85,"column":39}},"35":{"start":{"line":87,"column":22},"end":{"line":87,"column":24}},"36":{"start":{"line":88,"column":22},"end":{"line":88,"column":32}},"37":{"start":{"line":89,"column":4},"end":{"line":89,"column":38}},"38":{"start":{"line":90,"column":20},"end":{"line":90,"column":30}},"39":{"start":{"line":91,"column":4},"end":{"line":91,"column":35}},"40":{"start":{"line":92,"column":4},"end":{"line":95,"column":5}},"41":{"start":{"line":93,"column":6},"end":{"line":93,"column":51}},"42":{"start":{"line":94,"column":6},"end":{"line":94,"column":69}},"43":{"start":{"line":96,"column":4},"end":{"line":96,"column":21}},"44":{"start":{"line":99,"column":26},"end":{"line":117,"column":3}},"45":{"start":{"line":100,"column":4},"end":{"line":100,"column":26}},"46":{"start":{"line":101,"column":14},"end":{"line":101,"column":36}},"47":{"start":{"line":102,"column":4},"end":{"line":102,"column":24}},"48":{"start":{"line":103,"column":29},"end":{"line":103,"column":97}},"49":{"start":{"line":103,"column":56},"end":{"line":103,"column":96}},"50":{"start":{"line":104,"column":4},"end":{"line":104,"column":34}},"51":{"start":{"line":106,"column":4},"end":{"line":115,"column":5}},"52":{"start":{"line":108,"column":25},"end":{"line":108,"column":45}},"53":{"start":{"line":109,"column":6},"end":{"line":109,"column":30}},"54":{"start":{"line":110,"column":6},"end":{"line":110,"column":32}},"55":{"start":{"line":111,"column":6},"end":{"line":111,"column":25}},"56":{"start":{"line":114,"column":6},"end":{"line":114,"column":70}},"57":{"start":{"line":116,"column":4},"end":{"line":116,"column":23}},"58":{"start":{"line":121,"column":31},"end":{"line":147,"column":3}},"59":{"start":{"line":122,"column":4},"end":{"line":146,"column":5}},"60":{"start":{"line":124,"column":6},"end":{"line":124,"column":30}},"61":{"start":{"line":125,"column":19},"end":{"line":129,"column":7}},"62":{"start":{"line":132,"column":23},"end":{"line":134,"column":8}},"63":{"start":{"line":137,"column":6},"end":{"line":137,"column":34}},"64":{"start":{"line":140,"column":6},"end":{"line":140,"column":26}},"65":{"start":{"line":141,"column":6},"end":{"line":141,"column":34}},"66":{"start":{"line":144,"column":6},"end":{"line":144,"column":57}},"67":{"start":{"line":150,"column":27},"end":{"line":158,"column":3}},"68":{"start":{"line":151,"column":4},"end":{"line":156,"column":5}},"69":{"start":{"line":155,"column":6},"end":{"line":155,"column":13}},"70":{"start":{"line":157,"column":4},"end":{"line":157,"column":21}},"71":{"start":{"line":160,"column":27},"end":{"line":165,"column":3}},"72":{"start":{"line":161,"column":4},"end":{"line":161,"column":26}},"73":{"start":{"line":162,"column":4},"end":{"line":162,"column":27}},"74":{"start":{"line":163,"column":27},"end":{"line":163,"column":75}},"75":{"start":{"line":164,"column":4},"end":{"line":164,"column":54}},"76":{"start":{"line":167,"column":36},"end":{"line":170,"column":3}},"77":{"start":{"line":168,"column":4},"end":{"line":168,"column":29}},"78":{"start":{"line":169,"column":4},"end":{"line":169,"column":30}},"79":{"start":{"line":171,"column":31},"end":{"line":173,"column":3}},"80":{"start":{"line":172,"column":4},"end":{"line":172,"column":36}},"81":{"start":{"line":174,"column":21},"end":{"line":179,"column":3}},"82":{"start":{"line":175,"column":24},"end":{"line":175,"column":49}},"83":{"start":{"line":177,"column":6},"end":{"line":177,"column":65}},"84":{"start":{"line":178,"column":4},"end":{"line":178,"column":29}},"85":{"start":{"line":180,"column":23},"end":{"line":198,"column":3}},"86":{"start":{"line":182,"column":33},"end":{"line":184,"column":5}},"87":{"start":{"line":183,"column":23},"end":{"line":183,"column":66}},"88":{"start":{"line":187,"column":24},"end":{"line":187,"column":49}},"89":{"start":{"line":191,"column":6},"end":{"line":191,"column":65}},"90":{"start":{"line":193,"column":4},"end":{"line":196,"column":6}},"91":{"start":{"line":195,"column":23},"end":{"line":195,"column":61}},"92":{"start":{"line":257,"column":24},"end":{"line":421,"column":3}},"93":{"start":{"line":258,"column":4},"end":{"line":420,"column":5}},"94":{"start":{"line":260,"column":8},"end":{"line":377,"column":10}},"95":{"start":{"line":277,"column":33},"end":{"line":277,"column":69}},"96":{"start":{"line":286,"column":20},"end":{"line":288,"column":31}},"97":{"start":{"line":308,"column":24},"end":{"line":310,"column":36}},"98":{"start":{"line":316,"column":22},"end":{"line":334,"column":33}},"99":{"start":{"line":319,"column":26},"end":{"line":332,"column":38}},"100":{"start":{"line":322,"column":43},"end":{"line":322,"column":85}},"101":{"start":{"line":379,"column":8},"end":{"line":417,"column":10}},"102":{"start":{"line":398,"column":20},"end":{"line":405,"column":31}},"103":{"start":{"line":419,"column":8},"end":{"line":419,"column":20}},"104":{"start":{"line":423,"column":2},"end":{"line":566,"column":4}},"105":{"start":{"line":445,"column":29},"end":{"line":445,"column":72}},"106":{"start":{"line":469,"column":29},"end":{"line":469,"column":67}},"107":{"start":{"line":508,"column":31},"end":{"line":508,"column":52}},"108":{"start":{"line":516,"column":33},"end":{"line":516,"column":59}},"109":{"start":{"line":527,"column":33},"end":{"line":527,"column":59}},"110":{"start":{"line":540,"column":50},"end":{"line":540,"column":69}},"111":{"start":{"line":550,"column":37},"end":{"line":550,"column":56}},"112":{"start":{"line":554,"column":53},"end":{"line":554,"column":75}},"113":{"start":{"line":560,"column":37},"end":{"line":560,"column":59}}},"fnMap":{"0":{"name":"Appointment","decl":{"start":{"line":34,"column":9},"end":{"line":34,"column":20}},"loc":{"start":{"line":34,"column":23},"end":{"line":567,"column":1}},"line":34},"1":{"name":"(anonymous_1)","decl":{"start":{"line":54,"column":54},"end":{"line":54,"column":55}},"loc":{"start":{"line":54,"column":65},"end":{"line":54,"column":75}},"line":54},"2":{"name":"(anonymous_2)","decl":{"start":{"line":59,"column":18},"end":{"line":59,"column":19}},"loc":{"start":{"line":59,"column":29},"end":{"line":59,"column":46}},"line":59},"3":{"name":"(anonymous_3)","decl":{"start":{"line":64,"column":18},"end":{"line":64,"column":19}},"loc":{"start":{"line":64,"column":29},"end":{"line":64,"column":43}},"line":64},"4":{"name":"(anonymous_4)","decl":{"start":{"line":65,"column":12},"end":{"line":65,"column":13}},"loc":{"start":{"line":65,"column":18},"end":{"line":84,"column":3}},"line":65},"5":{"name":"generateTimeSlots","decl":{"start":{"line":86,"column":11},"end":{"line":86,"column":28}},"loc":{"start":{"line":86,"column":31},"end":{"line":97,"column":3}},"line":86},"6":{"name":"(anonymous_6)","decl":{"start":{"line":99,"column":26},"end":{"line":99,"column":27}},"loc":{"start":{"line":99,"column":57},"end":{"line":117,"column":3}},"line":99},"7":{"name":"(anonymous_7)","decl":{"start":{"line":103,"column":44},"end":{"line":103,"column":45}},"loc":{"start":{"line":103,"column":56},"end":{"line":103,"column":96}},"line":103},"8":{"name":"(anonymous_8)","decl":{"start":{"line":121,"column":31},"end":{"line":121,"column":32}},"loc":{"start":{"line":121,"column":43},"end":{"line":147,"column":3}},"line":121},"9":{"name":"(anonymous_9)","decl":{"start":{"line":150,"column":27},"end":{"line":150,"column":28}},"loc":{"start":{"line":150,"column":40},"end":{"line":158,"column":3}},"line":150},"10":{"name":"(anonymous_10)","decl":{"start":{"line":160,"column":27},"end":{"line":160,"column":28}},"loc":{"start":{"line":160,"column":37},"end":{"line":165,"column":3}},"line":160},"11":{"name":"(anonymous_11)","decl":{"start":{"line":167,"column":36},"end":{"line":167,"column":37}},"loc":{"start":{"line":167,"column":48},"end":{"line":170,"column":3}},"line":167},"12":{"name":"(anonymous_12)","decl":{"start":{"line":171,"column":31},"end":{"line":171,"column":32}},"loc":{"start":{"line":171,"column":49},"end":{"line":173,"column":3}},"line":171},"13":{"name":"(anonymous_13)","decl":{"start":{"line":174,"column":21},"end":{"line":174,"column":22}},"loc":{"start":{"line":174,"column":37},"end":{"line":179,"column":3}},"line":174},"14":{"name":"(anonymous_14)","decl":{"start":{"line":180,"column":23},"end":{"line":180,"column":24}},"loc":{"start":{"line":180,"column":40},"end":{"line":198,"column":3}},"line":180},"15":{"name":"(anonymous_15)","decl":{"start":{"line":183,"column":6},"end":{"line":183,"column":7}},"loc":{"start":{"line":183,"column":23},"end":{"line":183,"column":66}},"line":183},"16":{"name":"(anonymous_16)","decl":{"start":{"line":195,"column":6},"end":{"line":195,"column":7}},"loc":{"start":{"line":195,"column":23},"end":{"line":195,"column":61}},"line":195},"17":{"name":"(anonymous_17)","decl":{"start":{"line":257,"column":24},"end":{"line":257,"column":25}},"loc":{"start":{"line":257,"column":30},"end":{"line":421,"column":3}},"line":257},"18":{"name":"(anonymous_18)","decl":{"start":{"line":277,"column":26},"end":{"line":277,"column":27}},"loc":{"start":{"line":277,"column":33},"end":{"line":277,"column":69}},"line":277},"19":{"name":"(anonymous_19)","decl":{"start":{"line":285,"column":32},"end":{"line":285,"column":33}},"loc":{"start":{"line":286,"column":20},"end":{"line":288,"column":31}},"line":286},"20":{"name":"(anonymous_20)","decl":{"start":{"line":307,"column":51},"end":{"line":307,"column":52}},"loc":{"start":{"line":308,"column":24},"end":{"line":310,"column":36}},"line":308},"21":{"name":"(anonymous_21)","decl":{"start":{"line":315,"column":35},"end":{"line":315,"column":36}},"loc":{"start":{"line":316,"column":22},"end":{"line":334,"column":33}},"line":316},"22":{"name":"(anonymous_22)","decl":{"start":{"line":318,"column":53},"end":{"line":318,"column":54}},"loc":{"start":{"line":319,"column":26},"end":{"line":332,"column":38}},"line":319},"23":{"name":"(anonymous_23)","decl":{"start":{"line":322,"column":37},"end":{"line":322,"column":38}},"loc":{"start":{"line":322,"column":43},"end":{"line":322,"column":85}},"line":322},"24":{"name":"(anonymous_24)","decl":{"start":{"line":397,"column":32},"end":{"line":397,"column":33}},"loc":{"start":{"line":398,"column":20},"end":{"line":405,"column":31}},"line":398},"25":{"name":"(anonymous_25)","decl":{"start":{"line":445,"column":23},"end":{"line":445,"column":24}},"loc":{"start":{"line":445,"column":29},"end":{"line":445,"column":72}},"line":445},"26":{"name":"(anonymous_26)","decl":{"start":{"line":469,"column":23},"end":{"line":469,"column":24}},"loc":{"start":{"line":469,"column":29},"end":{"line":469,"column":67}},"line":469},"27":{"name":"(anonymous_27)","decl":{"start":{"line":508,"column":25},"end":{"line":508,"column":26}},"loc":{"start":{"line":508,"column":31},"end":{"line":508,"column":52}},"line":508},"28":{"name":"(anonymous_28)","decl":{"start":{"line":516,"column":27},"end":{"line":516,"column":28}},"loc":{"start":{"line":516,"column":33},"end":{"line":516,"column":59}},"line":516},"29":{"name":"(anonymous_29)","decl":{"start":{"line":527,"column":27},"end":{"line":527,"column":28}},"loc":{"start":{"line":527,"column":33},"end":{"line":527,"column":59}},"line":527},"30":{"name":"(anonymous_30)","decl":{"start":{"line":540,"column":44},"end":{"line":540,"column":45}},"loc":{"start":{"line":540,"column":50},"end":{"line":540,"column":69}},"line":540},"31":{"name":"(anonymous_31)","decl":{"start":{"line":550,"column":31},"end":{"line":550,"column":32}},"loc":{"start":{"line":550,"column":37},"end":{"line":550,"column":56}},"line":550},"32":{"name":"(anonymous_32)","decl":{"start":{"line":554,"column":47},"end":{"line":554,"column":48}},"loc":{"start":{"line":554,"column":53},"end":{"line":554,"column":75}},"line":554},"33":{"name":"(anonymous_33)","decl":{"start":{"line":560,"column":31},"end":{"line":560,"column":32}},"loc":{"start":{"line":560,"column":37},"end":{"line":560,"column":59}},"line":560}},"branchMap":{"0":{"loc":{"start":{"line":71,"column":4},"end":{"line":74,"column":5}},"type":"if","locations":[{"start":{"line":71,"column":4},"end":{"line":74,"column":5}},{"start":{},"end":{}}],"line":71},"1":{"loc":{"start":{"line":75,"column":4},"end":{"line":78,"column":5}},"type":"if","locations":[{"start":{"line":75,"column":4},"end":{"line":78,"column":5}},{"start":{},"end":{}}],"line":75},"2":{"loc":{"start":{"line":80,"column":4},"end":{"line":83,"column":5}},"type":"if","locations":[{"start":{"line":80,"column":4},"end":{"line":83,"column":5}},{"start":{},"end":{}}],"line":80},"3":{"loc":{"start":{"line":106,"column":4},"end":{"line":115,"column":5}},"type":"if","locations":[{"start":{"line":106,"column":4},"end":{"line":115,"column":5}},{"start":{"line":112,"column":11},"end":{"line":115,"column":5}}],"line":106},"4":{"loc":{"start":{"line":151,"column":4},"end":{"line":156,"column":5}},"type":"if","locations":[{"start":{"line":151,"column":4},"end":{"line":156,"column":5}},{"start":{},"end":{}}],"line":151},"5":{"loc":{"start":{"line":152,"column":6},"end":{"line":153,"column":64}},"type":"binary-expr","locations":[{"start":{"line":152,"column":6},"end":{"line":152,"column":17}},{"start":{"line":153,"column":6},"end":{"line":153,"column":64}}],"line":152},"6":{"loc":{"start":{"line":258,"column":4},"end":{"line":420,"column":5}},"type":"switch","locations":[{"start":{"line":259,"column":6},"end":{"line":377,"column":10}},{"start":{"line":378,"column":6},"end":{"line":417,"column":10}},{"start":{"line":418,"column":6},"end":{"line":419,"column":20}}],"line":258},"7":{"loc":{"start":{"line":284,"column":17},"end":{"line":289,"column":20}},"type":"binary-expr","locations":[{"start":{"line":284,"column":17},"end":{"line":284,"column":26}},{"start":{"line":285,"column":18},"end":{"line":289,"column":20}}],"line":284},"8":{"loc":{"start":{"line":294,"column":13},"end":{"line":375,"column":13}},"type":"binary-expr","locations":[{"start":{"line":294,"column":13},"end":{"line":294,"column":27}},{"start":{"line":295,"column":14},"end":{"line":374,"column":31}}],"line":294},"9":{"loc":{"start":{"line":326,"column":47},"end":{"line":328,"column":41}},"type":"cond-expr","locations":[{"start":{"line":327,"column":34},"end":{"line":327,"column":41}},{"start":{"line":328,"column":34},"end":{"line":328,"column":41}}],"line":326},"10":{"loc":{"start":{"line":331,"column":29},"end":{"line":331,"column":66}},"type":"binary-expr","locations":[{"start":{"line":331,"column":29},"end":{"line":331,"column":54}},{"start":{"line":331,"column":58},"end":{"line":331,"column":66}}],"line":331},"11":{"loc":{"start":{"line":396,"column":17},"end":{"line":406,"column":20}},"type":"binary-expr","locations":[{"start":{"line":396,"column":17},"end":{"line":396,"column":26}},{"start":{"line":397,"column":18},"end":{"line":406,"column":20}}],"line":396},"12":{"loc":{"start":{"line":407,"column":17},"end":{"line":413,"column":17}},"type":"binary-expr","locations":[{"start":{"line":407,"column":17},"end":{"line":407,"column":27}},{"start":{"line":408,"column":18},"end":{"line":412,"column":29}}],"line":407},"13":{"loc":{"start":{"line":425,"column":7},"end":{"line":564,"column":7}},"type":"cond-expr","locations":[{"start":{"line":426,"column":8},"end":{"line":426,"column":18}},{"start":{"line":428,"column":8},"end":{"line":563,"column":14}}],"line":425},"14":{"loc":{"start":{"line":425,"column":7},"end":{"line":425,"column":50}},"type":"binary-expr","locations":[{"start":{"line":425,"column":7},"end":{"line":425,"column":28}},{"start":{"line":425,"column":32},"end":{"line":425,"column":50}}],"line":425},"15":{"loc":{"start":{"line":451,"column":18},"end":{"line":451,"column":75}},"type":"cond-expr","locations":[{"start":{"line":451,"column":56},"end":{"line":451,"column":65}},{"start":{"line":451,"column":68},"end":{"line":451,"column":75}}],"line":451},"16":{"loc":{"start":{"line":474,"column":23},"end":{"line":474,"column":75}},"type":"cond-expr","locations":[{"start":{"line":474,"column":56},"end":{"line":474,"column":65}},{"start":{"line":474,"column":68},"end":{"line":474,"column":75}}],"line":474},"17":{"loc":{"start":{"line":518,"column":20},"end":{"line":519,"column":78}},"type":"binary-expr","locations":[{"start":{"line":518,"column":20},"end":{"line":518,"column":30}},{"start":{"line":519,"column":20},"end":{"line":519,"column":78}}],"line":518}},"s":{"0":0,"1":0,"2":0,"3":0,"4":0,"5":0,"6":0,"7":0,"8":0,"9":0,"10":0,"11":0,"12":0,"13":0,"14":0,"15":0,"16":0,"17":0,"18":0,"19":0,"20":0,"21":0,"22":0,"23":0,"24":0,"25":0,"26":0,"27":0,"28":0,"29":0,"30":0,"31":0,"32":0,"33":0,"34":0,"35":0,"36":0,"37":0,"38":0,"39":0,"40":0,"41":0,"42":0,"43":0,"44":0,"45":0,"46":0,"47":0,"48":0,"49":0,"50":0,"51":0,"52":0,"53":0,"54":0,"55":0,"56":0,"57":0,"58":0,"59":0,"60":0,"61":0,"62":0,"63":0,"64":0,"65":0,"66":0,"67":0,"68":0,"69":0,"70":0,"71":0,"72":0,"73":0,"74":0,"75":0,"76":0,"77":0,"78":0,"79":0,"80":0,"81":0,"82":0,"83":0,"84":0,"85":0,"86":0,"87":0,"88":0,"89":0,"90":0,"91":0,"92":0,"93":0,"94":0,"95":0,"96":0,"97":0,"98":0,"99":0,"100":0,"101":0,"102":0,"103":0,"104":0,"105":0,"106":0,"107":0,"108":0,"109":0,"110":0,"111":0,"112":0,"113":0},"f":{"0":0,"1":0,"2":0,"3":0,"4":0,"5":0,"6":0,"7":0,"8":0,"9":0,"10":0,"11":0,"12":0,"13":0,"14":0,"15":0,"16":0,"17":0,"18":0,"19":0,"20":0,"21":0,"22":0,"23":0,"24":0,"25":0,"26":0,"27":0,"28":0,"29":0,"30":0,"31":0,"32":0,"33":0},"b":{"0":[0,0],"1":[0,0],"2":[0,0],"3":[0,0],"4":[0,0],"5":[0,0],"6":[0,0,0],"7":[0,0],"8":[0,0],"9":[0,0],"10":[0,0],"11":[0,0],"12":[0,0],"13":[0,0],"14":[0,0],"15":[0,0],"16":[0,0],"17":[0,0]}}
,"E:\\Desktop\\vaidya\\vaidyapanel\\src\\components\\Checkout\\Checkout.jsx": {"path":"E:\\Desktop\\vaidya\\vaidyapanel\\src\\components\\Checkout\\Checkout.jsx","statementMap":{"0":{"start":{"line":11,"column":17},"end":{"line":144,"column":1}},"1":{"start":{"line":12,"column":19},"end":{"line":12,"column":53}},"2":{"start":{"line":12,"column":42},"end":{"line":12,"column":52}},"3":{"start":{"line":13,"column":19},"end":{"line":13,"column":53}},"4":{"start":{"line":13,"column":42},"end":{"line":13,"column":52}},"5":{"start":{"line":14,"column":32},"end":{"line":14,"column":44}},"6":{"start":{"line":15,"column":26},"end":{"line":15,"column":38}},"7":{"start":{"line":16,"column":34},"end":{"line":16,"column":49}},"8":{"start":{"line":17,"column":34},"end":{"line":17,"column":46}},"9":{"start":{"line":18,"column":34},"end":{"line":18,"column":46}},"10":{"start":{"line":19,"column":32},"end":{"line":19,"column":46}},"11":{"start":{"line":20,"column":38},"end":{"line":20,"column":50}},"12":{"start":{"line":21,"column":46},"end":{"line":21,"column":60}},"13":{"start":{"line":22,"column":44},"end":{"line":22,"column":58}},"14":{"start":{"line":23,"column":19},"end":{"line":23,"column":32}},"15":{"start":{"line":25,"column":2},"end":{"line":27,"column":9}},"16":{"start":{"line":26,"column":4},"end":{"line":26,"column":26}},"17":{"start":{"line":29,"column":24},"end":{"line":55,"column":3}},"18":{"start":{"line":30,"column":3},"end":{"line":54,"column":4}},"19":{"start":{"line":31,"column":6},"end":{"line":31,"column":57}},"20":{"start":{"line":33,"column":28},"end":{"line":39,"column":5}},"21":{"start":{"line":41,"column":22},"end":{"line":49,"column":5}},"22":{"start":{"line":52,"column":4},"end":{"line":52,"column":67}},"23":{"start":{"line":53,"column":4},"end":{"line":53,"column":25}},"24":{"start":{"line":57,"column":24},"end":{"line":60,"column":3}},"25":{"start":{"line":58,"column":19},"end":{"line":58,"column":54}},"26":{"start":{"line":63,"column":19},"end":{"line":63,"column":38}},"27":{"start":{"line":65,"column":23},"end":{"line":95,"column":3}},"28":{"start":{"line":66,"column":4},"end":{"line":66,"column":23}},"29":{"start":{"line":67,"column":17},"end":{"line":67,"column":27}},"30":{"start":{"line":69,"column":4},"end":{"line":94,"column":7}},"31":{"start":{"line":70,"column":21},"end":{"line":70,"column":48}},"32":{"start":{"line":71,"column":30},"end":{"line":71,"column":56}},"33":{"start":{"line":72,"column":6},"end":{"line":89,"column":7}},"34":{"start":{"line":74,"column":10},"end":{"line":74,"column":63}},"35":{"start":{"line":74,"column":40},"end":{"line":74,"column":62}},"36":{"start":{"line":76,"column":8},"end":{"line":88,"column":9}},"37":{"start":{"line":77,"column":10},"end":{"line":77,"column":64}},"38":{"start":{"line":78,"column":10},"end":{"line":78,"column":28}},"39":{"start":{"line":80,"column":32},"end":{"line":83,"column":11}},"40":{"start":{"line":81,"column":27},"end":{"line":81,"column":62}},"41":{"start":{"line":84,"column":32},"end":{"line":84,"column":71}},"42":{"start":{"line":85,"column":10},"end":{"line":85,"column":42}},"43":{"start":{"line":86,"column":10},"end":{"line":86,"column":49}},"44":{"start":{"line":87,"column":10},"end":{"line":87,"column":28}},"45":{"start":{"line":90,"column":6},"end":{"line":93,"column":7}},"46":{"start":{"line":91,"column":8},"end":{"line":91,"column":51}},"47":{"start":{"line":92,"column":8},"end":{"line":92,"column":26}},"48":{"start":{"line":97,"column":30},"end":{"line":97,"column":65}},"49":{"start":{"line":99,"column":21},"end":{"line":101,"column":43}},"50":{"start":{"line":103,"column":2},"end":{"line":103,"column":35}},"51":{"start":{"line":105,"column":2},"end":{"line":143,"column":4}},"52":{"start":{"line":146,"column":21},"end":{"line":303,"column":1}},"53":{"start":{"line":161,"column":2},"end":{"line":302,"column":4}},"54":{"start":{"line":202,"column":31},"end":{"line":202,"column":57}},"55":{"start":{"line":215,"column":31},"end":{"line":215,"column":57}},"56":{"start":{"line":222,"column":18},"end":{"line":224,"column":27}},"57":{"start":{"line":233,"column":31},"end":{"line":233,"column":54}},"58":{"start":{"line":240,"column":18},"end":{"line":242,"column":27}},"59":{"start":{"line":255,"column":31},"end":{"line":255,"column":58}},"60":{"start":{"line":264,"column":31},"end":{"line":264,"column":58}},"61":{"start":{"line":275,"column":23},"end":{"line":275,"column":45}},"62":{"start":{"line":283,"column":14},"end":{"line":297,"column":20}},"63":{"start":{"line":289,"column":20},"end":{"line":293,"column":38}},"64":{"start":{"line":305,"column":17},"end":{"line":352,"column":1}},"65":{"start":{"line":314,"column":2},"end":{"line":351,"column":4}},"66":{"start":{"line":340,"column":27},"end":{"line":340,"column":56}}},"fnMap":{"0":{"name":"(anonymous_0)","decl":{"start":{"line":11,"column":17},"end":{"line":11,"column":18}},"loc":{"start":{"line":11,"column":23},"end":{"line":144,"column":1}},"line":11},"1":{"name":"(anonymous_1)","decl":{"start":{"line":12,"column":31},"end":{"line":12,"column":32}},"loc":{"start":{"line":12,"column":42},"end":{"line":12,"column":52}},"line":12},"2":{"name":"(anonymous_2)","decl":{"start":{"line":13,"column":31},"end":{"line":13,"column":32}},"loc":{"start":{"line":13,"column":42},"end":{"line":13,"column":52}},"line":13},"3":{"name":"(anonymous_3)","decl":{"start":{"line":25,"column":12},"end":{"line":25,"column":13}},"loc":{"start":{"line":25,"column":18},"end":{"line":27,"column":3}},"line":25},"4":{"name":"(anonymous_4)","decl":{"start":{"line":29,"column":24},"end":{"line":29,"column":25}},"loc":{"start":{"line":29,"column":30},"end":{"line":55,"column":3}},"line":29},"5":{"name":"(anonymous_5)","decl":{"start":{"line":58,"column":4},"end":{"line":58,"column":5}},"loc":{"start":{"line":58,"column":19},"end":{"line":58,"column":54}},"line":58},"6":{"name":"(anonymous_6)","decl":{"start":{"line":65,"column":23},"end":{"line":65,"column":24}},"loc":{"start":{"line":65,"column":36},"end":{"line":95,"column":3}},"line":65},"7":{"name":"(anonymous_7)","decl":{"start":{"line":69,"column":70},"end":{"line":69,"column":71}},"loc":{"start":{"line":69,"column":79},"end":{"line":94,"column":5}},"line":69},"8":{"name":"(anonymous_8)","decl":{"start":{"line":74,"column":30},"end":{"line":74,"column":31}},"loc":{"start":{"line":74,"column":40},"end":{"line":74,"column":62}},"line":74},"9":{"name":"(anonymous_9)","decl":{"start":{"line":81,"column":12},"end":{"line":81,"column":13}},"loc":{"start":{"line":81,"column":27},"end":{"line":81,"column":62}},"line":81},"10":{"name":"(anonymous_10)","decl":{"start":{"line":146,"column":21},"end":{"line":146,"column":22}},"loc":{"start":{"line":160,"column":6},"end":{"line":303,"column":1}},"line":160},"11":{"name":"(anonymous_11)","decl":{"start":{"line":202,"column":24},"end":{"line":202,"column":25}},"loc":{"start":{"line":202,"column":31},"end":{"line":202,"column":57}},"line":202},"12":{"name":"(anonymous_12)","decl":{"start":{"line":215,"column":24},"end":{"line":215,"column":25}},"loc":{"start":{"line":215,"column":31},"end":{"line":215,"column":57}},"line":215},"13":{"name":"(anonymous_13)","decl":{"start":{"line":221,"column":46},"end":{"line":221,"column":47}},"loc":{"start":{"line":222,"column":18},"end":{"line":224,"column":27}},"line":222},"14":{"name":"(anonymous_14)","decl":{"start":{"line":233,"column":24},"end":{"line":233,"column":25}},"loc":{"start":{"line":233,"column":31},"end":{"line":233,"column":54}},"line":233},"15":{"name":"(anonymous_15)","decl":{"start":{"line":239,"column":54},"end":{"line":239,"column":55}},"loc":{"start":{"line":240,"column":18},"end":{"line":242,"column":27}},"line":240},"16":{"name":"(anonymous_16)","decl":{"start":{"line":255,"column":24},"end":{"line":255,"column":25}},"loc":{"start":{"line":255,"column":31},"end":{"line":255,"column":58}},"line":255},"17":{"name":"(anonymous_17)","decl":{"start":{"line":264,"column":24},"end":{"line":264,"column":25}},"loc":{"start":{"line":264,"column":31},"end":{"line":264,"column":58}},"line":264},"18":{"name":"(anonymous_18)","decl":{"start":{"line":275,"column":17},"end":{"line":275,"column":18}},"loc":{"start":{"line":275,"column":23},"end":{"line":275,"column":45}},"line":275},"19":{"name":"(anonymous_19)","decl":{"start":{"line":282,"column":31},"end":{"line":282,"column":32}},"loc":{"start":{"line":283,"column":14},"end":{"line":297,"column":20}},"line":283},"20":{"name":"(anonymous_20)","decl":{"start":{"line":288,"column":27},"end":{"line":288,"column":28}},"loc":{"start":{"line":289,"column":20},"end":{"line":293,"column":38}},"line":289},"21":{"name":"(anonymous_21)","decl":{"start":{"line":305,"column":17},"end":{"line":305,"column":18}},"loc":{"start":{"line":313,"column":6},"end":{"line":352,"column":1}},"line":313},"22":{"name":"(anonymous_22)","decl":{"start":{"line":340,"column":20},"end":{"line":340,"column":21}},"loc":{"start":{"line":340,"column":27},"end":{"line":340,"column":56}},"line":340}},"branchMap":{"0":{"loc":{"start":{"line":30,"column":3},"end":{"line":54,"column":4}},"type":"if","locations":[{"start":{"line":30,"column":3},"end":{"line":54,"column":4}},{"start":{"line":32,"column":9},"end":{"line":54,"column":4}}],"line":30},"1":{"loc":{"start":{"line":30,"column":6},"end":{"line":30,"column":93}},"type":"binary-expr","locations":[{"start":{"line":30,"column":6},"end":{"line":30,"column":21}},{"start":{"line":30,"column":25},"end":{"line":30,"column":40}},{"start":{"line":30,"column":44},"end":{"line":30,"column":60}},{"start":{"line":30,"column":64},"end":{"line":30,"column":78}},{"start":{"line":30,"column":82},"end":{"line":30,"column":93}}],"line":30},"2":{"loc":{"start":{"line":72,"column":6},"end":{"line":89,"column":7}},"type":"if","locations":[{"start":{"line":72,"column":6},"end":{"line":89,"column":7}},{"start":{},"end":{}}],"line":72},"3":{"loc":{"start":{"line":74,"column":10},"end":{"line":74,"column":63}},"type":"binary-expr","locations":[{"start":{"line":74,"column":10},"end":{"line":74,"column":14}},{"start":{"line":74,"column":18},"end":{"line":74,"column":63}}],"line":74},"4":{"loc":{"start":{"line":76,"column":8},"end":{"line":88,"column":9}},"type":"if","locations":[{"start":{"line":76,"column":8},"end":{"line":88,"column":9}},{"start":{"line":79,"column":15},"end":{"line":88,"column":9}}],"line":76},"5":{"loc":{"start":{"line":90,"column":6},"end":{"line":93,"column":7}},"type":"if","locations":[{"start":{"line":90,"column":6},"end":{"line":93,"column":7}},{"start":{},"end":{}}],"line":90},"6":{"loc":{"start":{"line":97,"column":30},"end":{"line":97,"column":65}},"type":"cond-expr","locations":[{"start":{"line":97,"column":47},"end":{"line":97,"column":60}},{"start":{"line":97,"column":63},"end":{"line":97,"column":65}}],"line":97},"7":{"loc":{"start":{"line":99,"column":21},"end":{"line":101,"column":43}},"type":"cond-expr","locations":[{"start":{"line":100,"column":6},"end":{"line":100,"column":65}},{"start":{"line":101,"column":6},"end":{"line":101,"column":43}}],"line":99},"
[...]
,"E:\\Desktop\\vaidya\\vaidyapanel\\src\\redux\\reducers\\resources.js": {"path":"E:\\Desktop\\vaidya\\vaidyapanel\\src\\redux\\reducers\\resources.js","statementMap":{"0":{"start":{"line":2,"column":21},"end":{"line":4,"column":3}},"1":{"start":{"line":5,"column":31},"end":{"line":17,"column":2}},"2":{"start":{"line":7,"column":8},"end":{"line":7,"column":30}},"3":{"start":{"line":10,"column":8},"end":{"line":10,"column":32}},"4":{"start":{"line":11,"column":8},"end":{"line":11,"column":41}},"5":{"start":{"line":14,"column":8},"end":{"line":14,"column":32}},"6":{"start":{"line":15,"column":8},"end":{"line":15,"column":37}}},"fnMap":{"0":{"name":"(anonymous_0)","decl":{"start":{"line":6,"column":25},"end":{"line":6,"column":26}},"loc":{"start":{"line":6,"column":36},"end":{"line":8,"column":5}},"line":6},"1":{"name":"(anonymous_1)","decl":{"start":{"line":9,"column":25},"end":{"line":9,"column":26}},"loc":{"start":{"line":9,"column":41},"end":{"line":12,"column":5}},"line":9},"2":{"name":"(anonymous_2)","decl":{"start":{"line":13,"column":22},"end":{"line":13,"column":23}},"loc":{"start":{"line":13,"column":38},"end":{"line":16,"column":5}},"line":13}},"branchMap":{},"s":{"0":0,"1":0,"2":0,"3":0,"4":0,"5":0,"6":0},"f":{"0":0,"1":0,"2":0},"b":{}}
,"E:\\Desktop\\vaidya\\vaidyapanel\\src\\redux\\reducers\\seller.js": {"path":"E:\\Desktop\\vaidya\\vaidyapanel\\src\\redux\\reducers\\seller.js","statementMap":{"0":{"start":{"line":3,"column":21},"end":{"line":5,"column":1}},"1":{"start":{"line":7,"column":29},"end":{"line":37,"column":2}},"2":{"start":{"line":9,"column":4},"end":{"line":9,"column":27}},"3":{"start":{"line":12,"column":4},"end":{"line":12,"column":26}},"4":{"start":{"line":13,"column":4},"end":{"line":13,"column":28}},"5":{"start":{"line":14,"column":4},"end":{"line":14,"column":34}},"6":{"start":{"line":17,"column":4},"end":{"line":17,"column":28}},"7":{"start":{"line":18,"column":4},"end":{"line":18,"column":33}},"8":{"start":{"line":19,"column":4},"end":{"line":19,"column":27}},"9":{"start":{"line":24,"column":4},"end":{"line":24,"column":27}},"10":{"start":{"line":27,"column":4},"end":{"line":27,"column":28}},"11":{"start":{"line":28,"column":4},"end":{"line":28,"column":35}},"12":{"start":{"line":31,"column":4},"end":{"line":31,"column":28}},"13":{"start":{"line":32,"column":4},"end":{"line":32,"column":33}},"14":{"start":{"line":35,"column":4},"end":{"line":35,"column":23}}},"fnMap":{"0":{"name":"(anonymous_0)","decl":{"start":{"line":8,"column":21},"end":{"line":8,"column":22}},"loc":{"start":{"line":8,"column":32},"end":{"line":10,"column":3}},"line":8},"1":{"name":"(anonymous_1)","decl":{"start":{"line":11,"column":21},"end":{"line":11,"column":22}},"loc":{"start":{"line":11,"column":40},"end":{"line":15,"column":3}},"line":11},"2":{"name":"(anonymous_2)","decl":{"start":{"line":16,"column":18},"end":{"line":16,"column":19}},"loc":{"start":{"line":16,"column":37},"end":{"line":20,"column":3}},"line":16},"3":{"name":"(anonymous_3)","decl":{"start":{"line":23,"column":24},"end":{"line":23,"column":25}},"loc":{"start":{"line":23,"column":35},"end":{"line":25,"column":3}},"line":23},"4":{"name":"(anonymous_4)","decl":{"start":{"line":26,"column":24},"end":{"line":26,"column":25}},"loc":{"start":{"line":26,"column":43},"end":{"line":29,"column":3}},"line":26},"5":{"name":"(anonymous_5)","decl":{"start":{"line":30,"column":22},"end":{"line":30,"column":23}},"loc":{"start":{"line":30,"column":41},"end":{"line":33,"column":3}},"line":30},"6":{"name":"(anonymous_6)","decl":{"start":{"line":34,"column":15},"end":{"line":34,"column":16}},"loc":{"start":{"line":34,"column":26},"end":{"line":36,"column":3}},"line":34}},"branchMap":{},"s":{"0":0,"1":0,"2":0,"3":0,"4":0,"5":0,"6":0,"7":0,"8":0,"9":0,"10":0,"11":0,"12":0,"13":0,"14":0},"f":{"0":0,"1":0,"2":0,"3":0,"4":0,"5":0,"6":0},"b":{}}
,"E:\\Desktop\\vaidya\\vaidyapanel\\src\\redux\\reducers\\user.js": {"path":"E:\\Desktop\\vaidya\\vaidyapanel\\src\\redux\\reducers\\user.js","statementMap":{"0":{"start":{"line":3,"column":21},"end":{"line":5,"column":1}},"1":{"start":{"line":7,"column":27},"end":{"line":81,"column":2}},"2":{"start":{"line":9,"column":4},"end":{"line":9,"column":25}},"3":{"start":{"line":12,"column":4},"end":{"line":12,"column":33}},"4":{"start":{"line":13,"column":4},"end":{"line":13,"column":26}},"5":{"start":{"line":14,"column":4},"end":{"line":14,"column":32}},"6":{"start":{"line":17,"column":4},"end":{"line":17,"column":26}},"7":{"start":{"line":18,"column":4},"end":{"line":18,"column":33}},"8":{"start":{"line":19,"column":4},"end":{"line":19,"column":34}},"9":{"start":{"line":24,"column":4},"end":{"line":24,"column":25}},"10":{"start":{"line":27,"column":4},"end":{"line":27,"column":26}},"11":{"start":{"line":28,"column":4},"end":{"line":28,"column":32}},"12":{"start":{"line":31,"column":4},"end":{"line":31,"column":26}},"13":{"start":{"line":32,"column":4},"end":{"line":32,"column":33}},"14":{"start":{"line":37,"column":4},"end":{"line":37,"column":32}},"15":{"start":{"line":40,"column":4},"end":{"line":40,"column":33}},"16":{"start":{"line":41,"column":4},"end":{"line":41,"column":57}},"17":{"start":{"line":42,"column":4},"end":{"line":42,"column":37}},"18":{"start":{"line":45,"column":4},"end":{"line":45,"column":33}},"19":{"start":{"line":46,"column":4},"end":{"line":46,"column":33}},"20":{"start":{"line":51,"column":4},"end":{"line":51,"column":32}},"21":{"start":{"line":54,"column":4},"end":{"line":54,"column":33}},"22":{"start":{"line":55,"column":4},"end":{"line":55,"column":57}},"23":{"start":{"line":56,"column":4},"end":{"line":56,"column":37}},"24":{"start":{"line":59,"column":4},"end":{"line":59,"column":33}},"25":{"start":{"line":60,"column":4},"end":{"line":60,"column":33}},"26":{"start":{"line":65,"column":4},"end":{"line":65,"column":30}},"27":{"start":{"line":68,"column":4},"end":{"line":68,"column":31}},"28":{"start":{"line":69,"column":4},"end":{"line":69,"column":33}},"29":{"start":{"line":72,"column":4},"end":{"line":72,"column":31}},"30":{"start":{"line":73,"column":4},"end":{"line":73,"column":33}},"31":{"start":{"line":76,"column":4},"end":{"line":76,"column":23}},"32":{"start":{"line":79,"column":4},"end":{"line":79,"column":32}}},"fnMap":{"0":{"name":"(anonymous_0)","decl":{"start":{"line":8,"column":19},"end":{"line":8,"column":20}},"loc":{"start":{"line":8,"column":30},"end":{"line":10,"column":3}},"line":8},"1":{"name":"(anonymous_1)","decl":{"start":{"line":11,"column":19},"end":{"line":11,"column":20}},"loc":{"start":{"line":11,"column":38},"end":{"line":15,"column":3}},"line":11},"2":{"name":"(anonymous_2)","decl":{"start":{"line":16,"column":16},"end":{"line":16,"column":17}},"loc":{"start":{"line":16,"column":35},"end":{"line":20,"column":3}},"line":16},"3":{"name":"(anonymous_3)","decl":{"start":{"line":23,"column":25},"end":{"line":23,"column":26}},"loc":{"start":{"line":23,"column":36},"end":{"line":25,"column":3}},"line":23},"4":{"name":"(anonymous_4)","decl":{"start":{"line":26,"column":25},"end":{"line":26,"column":26}},"loc":{"start":{"line":26,"column":44},"end":{"line":29,"column":3}},"line":26},"5":{"name":"(anonymous_5)","decl":{"start":{"line":30,"column":24},"end":{"line":30,"column":25}},"loc":{"start":{"line":30,"column":43},"end":{"line":33,"column":3}},"line":30},"6":{"name":"(anonymous_6)","decl":{"start":{"line":36,"column":28},"end":{"line":36,"column":29}},"loc":{"start":{"line":36,"column":39},"end":{"line":38,"column":3}},"line":36},"7":{"name":"(anonymous_7)","decl":{"start":{"line":39,"column":28},"end":{"line":39,"column":29}},"loc":{"start":{"line":39,"column":47},"end":{"line":43,"column":3}},"line":39},"8":{"name":"(anonymous_8)","decl":{"start":{"line":44,"column":27},"end":{"line":44,"column":28}},"loc":{"start":{"line":44,"column":46},"end":{"line":47,"column":3}},"line":44},"9":{"name":"(anonymous_9)","decl":{"start":{"line":50,"column":28},"end":{"line":50,"column":29}},"loc":{"start":{"line":50,"column":39},"end":{"line":52,"column":3}},"line":50},"10":{"name":"(anonymous_10)","decl":{"start":{"line":53,"column":28},"end":{"line":53,"column":29}},"loc":{"start":{"line":53,"column":47},"end":{"line":57,"column":3}},"line":53},"11":{"name":"(anonymous_11)","decl":{"start":{"line":58,"column":27},"end":{"line":58,"column":28}},"loc":{"start":{"line":58,"column":46},"end":{"line":61,"column":3}},"line":58},"12":{"name":"(anonymous_12)","decl":{"start":{"line":64,"column":22},"end":{"line":64,"column":23}},"loc":{"start":{"line":64,"column":33},"end":{"line":66,"column":3}},"line":64},"13":{"name":"(anonymous_13)","decl":{"start":{"line":67,"column":22},"end":{"line":67,"column":23}},"loc":{"start":{"line":67,"column":40},"end":{"line":70,"column":3}},"line":67},"14":{"name":"(anonymous_14)","decl":{"start":{"line":71,"column":21},"end":{"line":71,"column":22}},"loc":{"start":{"line":71,"column":39},"end":{"line":74,"column":3}},"line":71},"15":{"name":"(anonymous_15)","decl":{"start":{"line":75,"column":15},"end":{"line":75,"column":16}},"loc":{"start":{"line":75,"column":26},"end":{"line":77,"column":3}},"line":75},"16":{"name":"(anonymous_16)","decl":{"start":{"line":78,"column":17},"end":{"line":78,"column":18}},"loc":{"start":{"line":78,"column":28},"end":{"line":80,"column":3}},"line":78}},"branchMap":{},"s":{"0":0,"1":0,"2":0,"3":0,"4":0,"5":0,"6":0,"7":0,"8":0,"9":0,"10":0,"11":0,"12":0,"13":0,"14":0,"15":0,"16":0,"17":0,"18":0,"19":0,"20":0,"21":0,"22":0,"23":0,"24":0,"25":0,"26":0,"27":0,"28":0,"29":0,"30":0,"31":0,"32":0},"f":{"0":0,"1":0,"2":0,"3":0,"4":0,"5":0,"6":0,"7":0,"8":0,"9":0,"10":0,"11":0,"12":0,"13":0,"14":0,"15":0,"16":0},"b":{}}
,"E:\\Desktop\\vaidya\\vaidyapanel\\src\\redux\\reducers\\wishlist.js": {"path":"E:\\Desktop\\vaidya\\vaidyapanel\\src\\redux\\reducers\\wishlist.js","statementMap":{"0":{"start":{"line":3,"column":21},"end":{"line":7,"column":1}},"1":{"start":{"line":9,"column":31},"end":{"line":34,"column":2}},"2":{"start":{"line":11,"column":17},"end":{"line":11,"column":31}},"3":{"start":{"line":12,"column":24},"end":{"line":12,"column":70}},"4":{"start":{"line":12,"column":51},"end":{"line":12,"column":69}},"5":{"start":{"line":13,"column":4},"end":{"line":25,"column":5}},"6":{"start":{"line":14,"column":6},"end":{"line":19,"column":8}},"7":{"start":{"line":17,"column":10},"end":{"line":17,"column":46}},"8":{"start":{"line":21,"column":6},"end":{"line":24,"column":8}},"9":{"start":{"line":29,"column":4},"end":{"line":32,"column":6}},"10":{"start":{"line":31,"column":45},"end":{"line":31,"column":69}}},"fnMap":{"0":{"name":"(anonymous_0)","decl":{"start":{"line":10,"column":17},"end":{"line":10,"column":18}},"loc":{"start":{"line":10,"column":36},"end":{"line":26,"column":3}},"line":10},"1":{"name":"(anonymous_1)","decl":{"start":{"line":12,"column":44},"end":{"line":12,"column":45}},"loc":{"start":{"line":12,"column":51},"end":{"line":12,"column":69}},"line":12},"2":{"name":"(anonymous_2)","decl":{"start":{"line":16,"column":37},"end":{"line":16,"column":38}},"loc":{"start":{"line":17,"column":10},"end":{"line":17,"column":46}},"line":17},"3":{"name":"(anonymous_3)","decl":{"start":{"line":28,"column":22},"end":{"line":28,"column":23}},"loc":{"start":{"line":28,"column":41},"end":{"line":33,"column":3}},"line":28},"4":{"name":"(anonymous_4)","decl":{"start":{"line":31,"column":38},"end":{"line":31,"column":39}},"loc":{"start":{"line":31,"column":45},"end":{"line":31,"column":69}},"line":31}},"branchMap":{"0":{"loc":{"start":{"line":4,"column":12},"end":{"line":6,"column":8}},"type":"cond-expr","locations":[{"start":{"line":5,"column":6},"end":{"line":5,"column":55}},{"start":{"line":6,"column":6},"end":{"line":6,"column":8}}],"line":4},"1":{"loc":{"start":{"line":13,"column":4},"end":{"line":25,"column":5}},"type":"if","locations":[{"start":{"line":13,"column":4},"end":{"line":25,"column":5}},{"start":{"line":20,"column":11},"end":{"line":25,"column":5}}],"line":13},"2":{"loc":{"start":{"line":17,"column":10},"end":{"line":17,"column":46}},"type":"cond-expr","locations":[{"start":{"line":17,"column":38},"end":{"line":17,"column":42}},{"start":{"line":17,"column":45},"end":{"line":17,"column":46}}],"line":17}},"s":{"0":0,"1":0,"2":0,"3":0,"4":0,"5":0,"6":0,"7":0,"8":0,"9":0,"10":0},"f":{"0":0,"1":0,"2":0,"3":0,"4":0},"b":{"0":[0,0],"1":[0,0],"2":[0,0]}}
,"E:\\Desktop\\vaidya\\vaidyapanel\\src\\routes\\AdminRoutes.js": {"path":"E:\\Desktop\\vaidya\\vaidyapanel\\src\\routes\\AdminRoutes.js","statementMap":{},"fnMap":{},"branchMap":{},"s":{},"f":{},"b":{}}
,"E:\\Desktop\\vaidya\\vaidyapanel\\src\\routes\\ProtectedAdminRoute.js": {"path":"E:\\Desktop\\vaidya\\vaidyapanel\\src\\routes\\ProtectedAdminRoute.js","statementMap":{"0":{"start":{"line":4,"column":28},"end":{"line":14,"column":1}},"1":{"start":{"line":5,"column":44},"end":{"line":5,"column":78}},"2":{"start":{"line":5,"column":67},"end":{"line":5,"column":77}},"3":{"start":{"line":6,"column":2},"end":{"line":13,"column":3}},"4":{"start":{"line":7,"column":4},"end":{"line":11,"column":5}},"5":{"start":{"line":8,"column":6},"end":{"line":8,"column":46}},"6":{"start":{"line":9,"column":11},"end":{"line":11,"column":5}},"7":{"start":{"line":10,"column":8},"end":{"line":10,"column":43}},"8":{"start":{"line":12,"column":4},"end":{"line":12,"column":20}}},"fnMap":{"0":{"name":"(anonymous_0)","decl":{"start":{"line":4,"column":28},"end":{"line":4,"column":29}},"loc":{"start":{"line":4,"column":46},"end":{"line":14,"column":1}},"line":4},"1":{"name":"(anonymous_1)","decl":{"start":{"line":5,"column":56},"end":{"line":5,"column":57}},"loc":{"start":{"line":5,"column":67},"end":{"line":5,"column":77}},"line":5}},"branchMap":{"0":{"loc":{"start":{"line":6,"column":2},"end":{"line":13,"column":3}},"type":"if","locations":[{"start":{"line":6,"column":2},"end":{"line":13,"column":3}},{"start":{},"end":{}}],"line":6},"1":{"loc":{"start":{"line":7,"column":4},"end":{"line":11,"column":5}},"type":"if","locations":[{"start":{"line":7,"column":4},"end":{"line":11,"column":5}},{"start":{"line":9,"column":11},"end":{"line":11,"column":5}}],"line":7},"2":{"loc":{"start":{"line":9,"column":11},"end":{"line":11,"column":5}},"type":"if","locations":[{"start":{"line":9,"column":11},"end":{"line":11,"column":5}},{"start":{},"end":{}}],"line":9}},"s":{"0":0,"1":0,"2":0,"3":0,"4":0,"5":0,"6":0,"7":0,"8":0},"f":{"0":0,"1":0},"b":{"0":[0,0],"1":[0,0],"2":[0,0]}}
,"E:\\Desktop\\vaidya\\vaidyapanel\\src\\routes\\ProtectedRoute.js": {"path":"E:\\Desktop\\vaidya\\vaidyapanel\\src\\routes\\ProtectedRoute.js","statementMap":{"0":{"start":{"line":4,"column":23},"end":{"line":12,"column":1}},"1":{"start":{"line":5,"column":39},"end":{"line":5,"column":73}},"2":{"start":{"line":5,"column":62},"end":{"line":5,"column":72}},"3":{"start":{"line":6,"column":2},"end":{"line":11,"column":3}},"4":{"start":{"line":7,"column":4},"end":{"line":9,"column":5}},"5":{"start":{"line":8,"column":6},"end":{"line":8,"column":46}},"6":{"start":{"line":10,"column":4},"end":{"line":10,"column":20}}},"fnMap":{"0":{"name":"(anonymous_0)","decl":{"start":{"line":4,"column":23},"end":{"line":4,"column":24}},"loc":{"start":{"line":4,"column":41},"end":{"line":12,"column":1}},"line":4},"1":{"name":"(anonymous_1)","decl":{"start":{"line":5,"column":51},"end":{"line":5,"column":52}},"loc":{"start":{"line":5,"column":62},"end":{"line":5,"column":72}},"line":5}},"branchMap":{"0":{"loc":{"start":{"line":6,"column":2},"end":{"line":11,"column":3}},"type":"if","locations":[{"start":{"line":6,"column":2},"end":{"line":11,"column":3}},{"start":{},"end":{}}],"line":6},"1":{"loc":{"start":{"line":7,"column":4},"end":{"line":9,"column":5}},"type":"if","locations":[{"start":{"line":7,"column":4},"end":{"line":9,"column":5}},{"start":{},"end":{}}],"line":7}},"s":{"0":0,"1":0,"2":0,"3":0,"4":0,"5":0,"6":0},"f":{"0":0,"1":0},"b":{"0":[0,0],"1":[0,0]}}
,"E:\\Desktop\\vaidya\\vaidyapanel\\src\\routes\\Routes.js": {"path":"E:\\Desktop\\vaidya\\vaidyapanel\\src\\routes\\Routes.js","statementMap":{},"fnMap":{},"branchMap":{},"s":{},"f":{},"b":{}}
,"E:\\Desktop\\vaidya\\vaidyapanel\\src\\routes\\SellerProtectedRoute.js": {"path":"E:\\Desktop\\vaidya\\vaidyapanel\\src\\routes\\SellerProtectedRoute.js","statementMap":{"0":{"start":{"line":5,"column":29},"end":{"line":15,"column":1}},"1":{"start":{"line":6,"column":34},"end":{"line":6,"column":70}},"2":{"start":{"line":6,"column":57},"end":{"line":6,"column":69}},"3":{"start":{"line":7,"column":2},"end":{"line":14,"column":3}},"4":{"start":{"line":8,"column":4},"end":{"line":8,"column":22}},"5":{"start":{"line":10,"column":4},"end":{"line":12,"column":5}},"6":{"start":{"line":11,"column":6},"end":{"line":11,"column":53}},"7":{"start":{"line":13,"column":4},"end":{"line":13,"column":20}}},"fnMap":{"0":{"name":"(anonymous_0)","decl":{"start":{"line":5,"column":29},"end":{"line":5,"column":30}},"loc":{"start":{"line":5,"column":47},"end":{"line":15,"column":1}},"line":5},"1":{"name":"(anonymous_1)","decl":{"start":{"line":6,"column":46},"end":{"line":6,"column":47}},"loc":{"start":{"line":6,"column":57},"end":{"line":6,"column":69}},"line":6}},"branchMap":{"0":{"loc":{"start":{"line":7,"column":2},"end":{"line":14,"column":3}},"type":"if","locations":[{"start":{"line":7,"column":2},"end":{"line":14,"column":3}},{"start":{"line":9,"column":9},"end":{"line":14,"column":3}}],"line":7},"1":{"loc":{"start":{"line":10,"column":4},"end":{"line":12,"column":5}},"type":"if","locations":[{"start":{"line":10,"column":4},"end":{"line":12,"column":5}},{"start":{},"end":{}}],"line":10}},"s":{"0":0,"1":0,"2":0,"3":0,"4":0,"5":0,"6":0,"7":0},"f":{"0":0,"1":0},"b":{"0":[0,0],"1":[0,0]}}
,"E:\\Desktop\\vaidya\\vaidyapanel\\src\\routes\\ShopRoutes.js": {"path":"E:\\Desktop\\vaidya\\vaidyapanel\\src\\routes\\ShopRoutes.js","statementMap":{},"fnMap":{},"branchMap":{},"s":{},"f":{},"b":{}}
,"E:\\Desktop\\vaidya\\vaidyapanel\\src\\static\\data.js": {"path":"E:\\Desktop\\vaidya\\vaidyapanel\\src\\static\\data.js","statementMap":{"0":{"start":{"line":2,"column":24},"end":{"line":27,"column":1}},"1":{"start":{"line":29,"column":26},"end":{"line":42,"column":1}},"2":{"start":{"line":44,"column":28},"end":{"line":206,"column":1}},"3":{"start":{"line":209,"column":30},"end":{"line":275,"column":1}},"4":{"start":{"line":278,"column":27},"end":{"line":606,"column":1}},"5":{"start":{"line":608,"column":34},"end":{"line":621,"column":1}},"6":{"start":{"line":623,"column":34},"end":{"line":637,"column":1}},"7":{"start":{"line":639,"column":34},"end":{"line":649,"column":1}},"8":{"start":{"line":652,"column":35},"end":{"line":659,"column":1}}},"fnMap":{},"branchMap":{},"s":{"0":0,"1":0,"2":0,"3":0,"4":0,"5":0,"6":0,"7":0,"8":0},"f":{},"b":{}}
,"E:\\Desktop\\vaidya\\vaidyapanel\\src\\styles\\styles.js": {"path":"E:\\Desktop\\vaidya\\vaidyapanel\\src\\styles\\styles.js","statementMap":{"0":{"start":{"line":1,"column":15},"end":{"line":16,"column":3}}},"fnMap":{},"branchMap":{},"s":{"0":0},"f":{},"b":{}}
}
